[ 2016-01-08T07:20:41+08:00 ] 127.0.0.1 /index.php?s=/Admin/Index/index.html
INFO: [ app_init ] --START--
INFO: Run Behavior\BuildLiteBehavior [ RunTime:0.000024s ]
INFO: [ app_init ] --END-- [ RunTime:0.000558s ]
INFO: [ app_begin ] --START--
INFO: Run Behavior\ReadHtmlCacheBehavior [ RunTime:0.000792s ]
INFO: [ app_begin ] --END-- [ RunTime:0.000887s ]

[ 2016-01-08T07:20:41+08:00 ] 127.0.0.1 /index.php?s=/Admin/Public/login.html
INFO: [ app_init ] --START--
INFO: Run Behavior\BuildLiteBehavior [ RunTime:0.000018s ]
INFO: [ app_init ] --END-- [ RunTime:0.000467s ]
INFO: [ app_begin ] --START--
INFO: Run Behavior\ReadHtmlCacheBehavior [ RunTime:0.000808s ]
INFO: [ app_begin ] --END-- [ RunTime:0.000938s ]
INFO: [ view_parse ] --START--
INFO: [ template_filter ] --START--
INFO: Run Behavior\ContentReplaceBehavior [ RunTime:0.000090s ]
INFO: [ template_filter ] --END-- [ RunTime:0.000191s ]
INFO: Run Behavior\ParseTemplateBehavior [ RunTime:0.019052s ]
INFO: [ view_parse ] --END-- [ RunTime:0.019179s ]
INFO: [ view_filter ] --START--
INFO: Run Behavior\WriteHtmlCacheBehavior [ RunTime:0.000591s ]
INFO: [ view_filter ] --END-- [ RunTime:0.000639s ]
INFO: [ app_end ] --START--
INFO: Run Behavior\ShowPageTraceBehavior [ RunTime:0.000779s ]
INFO: [ app_end ] --END-- [ RunTime:0.000845s ]

[ 2016-01-08T07:20:58+08:00 ] 127.0.0.1 /index.php?s=/Admin/Public/login.html
INFO: [ app_init ] --START--
INFO: Run Behavior\BuildLiteBehavior [ RunTime:0.000019s ]
INFO: [ app_init ] --END-- [ RunTime:0.000485s ]
INFO: [ app_begin ] --START--
INFO: Run Behavior\ReadHtmlCacheBehavior [ RunTime:0.001289s ]
INFO: [ app_begin ] --END-- [ RunTime:0.001378s ]
SQL: SHOW COLUMNS FROM `zml_admin_user` [ RunTime:0.0043s ]
SQL: SELECT * FROM `zml_admin_user` WHERE `username` = 'admin' LIMIT 1   [ RunTime:0.0006s ]

[ 2016-01-08T07:21:28+08:00 ] 127.0.0.1 /index.php?s=/Admin/Public/login.html
INFO: [ app_init ] --START--
INFO: Run Behavior\BuildLiteBehavior [ RunTime:0.000015s ]
INFO: [ app_init ] --END-- [ RunTime:0.000374s ]
INFO: [ app_begin ] --START--
INFO: Run Behavior\ReadHtmlCacheBehavior [ RunTime:0.000793s ]
INFO: [ app_begin ] --END-- [ RunTime:0.000843s ]

[ 2016-01-08T07:21:33+08:00 ] 127.0.0.1 /index.php?s=/Admin/Public/login.html
INFO: [ app_init ] --START--
INFO: Run Behavior\BuildLiteBehavior [ RunTime:0.000060s ]
INFO: [ app_init ] --END-- [ RunTime:0.000909s ]
INFO: [ app_begin ] --START--
INFO: Run Behavior\ReadHtmlCacheBehavior [ RunTime:0.000719s ]
INFO: [ app_begin ] --END-- [ RunTime:0.000821s ]
SQL: SHOW COLUMNS FROM `zml_admin_user` [ RunTime:0.0037s ]
SQL: SELECT * FROM `zml_admin_user` WHERE `username` = 'admin' LIMIT 1   [ RunTime:0.0004s ]

[ 2016-01-08T07:21:43+08:00 ] 127.0.0.1 /index.php?s=/Admin/Public/login.html
INFO: [ app_init ] --START--
INFO: Run Behavior\BuildLiteBehavior [ RunTime:0.000065s ]
INFO: [ app_init ] --END-- [ RunTime:0.001604s ]
INFO: [ app_begin ] --START--
INFO: Run Behavior\ReadHtmlCacheBehavior [ RunTime:0.000792s ]
INFO: [ app_begin ] --END-- [ RunTime:0.000846s ]

[ 2016-01-08T07:21:49+08:00 ] 127.0.0.1 /index.php?s=/Admin/Public/login.html
INFO: [ app_init ] --START--
INFO: Run Behavior\BuildLiteBehavior [ RunTime:0.000018s ]
INFO: [ app_init ] --END-- [ RunTime:0.000599s ]
INFO: [ app_begin ] --START--
INFO: Run Behavior\ReadHtmlCacheBehavior [ RunTime:0.000771s ]
INFO: [ app_begin ] --END-- [ RunTime:0.000843s ]
SQL: SHOW COLUMNS FROM `zml_admin_user` [ RunTime:0.0039s ]
SQL: SELECT * FROM `zml_admin_user` WHERE `username` = 'admin' LIMIT 1   [ RunTime:0.0003s ]
SQL: UPDATE `zml_admin_user` SET `login_key`='42844c4c369112b0c52f5b62af861b3f' WHERE `id` = 1 [ RunTime:0.0215s ]
SQL: UPDATE `zml_admin_user` SET `last_login_time`='1452208909',`last_login_ip`='127.0.0.1',`login_count`=(login_count+1) WHERE `id` = 1 [ RunTime:0.0004s ]

[ 2016-01-08T07:21:49+08:00 ] 127.0.0.1 /index.php?s=/Admin/Index/index.html
INFO: [ app_init ] --START--
INFO: Run Behavior\BuildLiteBehavior [ RunTime:0.000025s ]
INFO: [ app_init ] --END-- [ RunTime:0.000692s ]
INFO: [ app_begin ] --START--
INFO: Run Behavior\ReadHtmlCacheBehavior [ RunTime:0.000949s ]
INFO: [ app_begin ] --END-- [ RunTime:0.001022s ]
SQL: SHOW COLUMNS FROM `zml_admin_user` [ RunTime:0.0030s ]
SQL: SELECT * FROM `zml_admin_user` WHERE `id` = 1 LIMIT 1   [ RunTime:0.0003s ]
SQL: SHOW COLUMNS FROM `zml_admin_auth_group_access` [ RunTime:0.0026s ]
SQL: SELECT g.title FROM zml_admin_auth_group_access a INNER JOIN zml_admin_auth_group g ON a.group_id=g.id  WHERE a.uid = '1' LIMIT 1   [ RunTime:0.0006s ]
SQL: SHOW COLUMNS FROM `zml_admin_auth_group_access` [ RunTime:0.0034s ]
SQL: SELECT `group_id` FROM `zml_admin_auth_group_access` WHERE `uid` = 1 LIMIT 1   [ RunTime:0.0003s ]
SQL: SHOW COLUMNS FROM `zml_admin_auth_group` [ RunTime:0.0030s ]
SQL: SELECT `rules` FROM `zml_admin_auth_group` WHERE `id` = 1 LIMIT 1   [ RunTime:0.0003s ]
SQL: SHOW COLUMNS FROM `zml_admin_auth_rule` [ RunTime:0.0025s ]
SQL: SELECT * FROM `zml_admin_auth_rule` WHERE `id` IN ('1','13','22','11','3','4','5','6','7','8','9','10','12','52','53','54','55','64','65','14','15','16','17','18','19','20','21','23','24','25','26','27','28','29','30','31','32','33','34','35','36','37','38','39','40','41','42','43','44','45','46','47','48','49','50','51','56','63','57','58','60','61') AND `menu` = 1 AND `pid` = 0  [ RunTime:0.0006s ]
SQL: SELECT * FROM `zml_admin_auth_rule` WHERE `id` IN ('1','13','22','11','3','4','5','6','7','8','9','10','12','52','53','54','55','64','65','14','15','16','17','18','19','20','21','23','24','25','26','27','28','29','30','31','32','33','34','35','36','37','38','39','40','41','42','43','44','45','46','47','48','49','50','51','56','63','57','58','60','61') AND `menu` = 1 AND `pid` = 1  [ RunTime:0.0005s ]
SQL: SELECT * FROM `zml_admin_auth_rule` WHERE `id` IN ('1','13','22','11','3','4','5','6','7','8','9','10','12','52','53','54','55','64','65','14','15','16','17','18','19','20','21','23','24','25','26','27','28','29','30','31','32','33','34','35','36','37','38','39','40','41','42','43','44','45','46','47','48','49','50','51','56','63','57','58','60','61') AND `menu` = 1 AND `pid` = 13  [ RunTime:0.0003s ]
SQL: SELECT * FROM `zml_admin_auth_rule` WHERE `id` IN ('1','13','22','11','3','4','5','6','7','8','9','10','12','52','53','54','55','64','65','14','15','16','17','18','19','20','21','23','24','25','26','27','28','29','30','31','32','33','34','35','36','37','38','39','40','41','42','43','44','45','46','47','48','49','50','51','56','63','57','58','60','61') AND `menu` = 1 AND `pid` = 11  [ RunTime:0.0004s ]
SQL: SELECT * FROM `zml_admin_auth_rule` WHERE `id` IN ('1','13','22','11','3','4','5','6','7','8','9','10','12','52','53','54','55','64','65','14','15','16','17','18','19','20','21','23','24','25','26','27','28','29','30','31','32','33','34','35','36','37','38','39','40','41','42','43','44','45','46','47','48','49','50','51','56','63','57','58','60','61') AND `menu` = 1 AND `pid` = 14  [ RunTime:0.0003s ]
SQL: SELECT * FROM `zml_admin_auth_rule` WHERE `id` IN ('1','13','22','11','3','4','5','6','7','8','9','10','12','52','53','54','55','64','65','14','15','16','17','18','19','20','21','23','24','25','26','27','28','29','30','31','32','33','34','35','36','37','38','39','40','41','42','43','44','45','46','47','48','49','50','51','56','63','57','58','60','61') AND `menu` = 1 AND `pid` = 24  [ RunTime:0.0004s ]
SQL: SELECT * FROM `zml_admin_auth_rule` WHERE `id` IN ('1','13','22','11','3','4','5','6','7','8','9','10','12','52','53','54','55','64','65','14','15','16','17','18','19','20','21','23','24','25','26','27','28','29','30','31','32','33','34','35','36','37','38','39','40','41','42','43','44','45','46','47','48','49','50','51','56','63','57','58','60','61') AND `menu` = 1 AND `pid` = 50  [ RunTime:0.0007s ]
SQL: SELECT * FROM `zml_admin_auth_rule` WHERE `id` IN ('1','13','22','11','3','4','5','6','7','8','9','10','12','52','53','54','55','64','65','14','15','16','17','18','19','20','21','23','24','25','26','27','28','29','30','31','32','33','34','35','36','37','38','39','40','41','42','43','44','45','46','47','48','49','50','51','56','63','57','58','60','61') AND `menu` = 1 AND `pid` = 57  [ RunTime:0.0004s ]
SQL: SELECT * FROM `zml_admin_auth_rule` WHERE `id` IN ('1','13','22','11','3','4','5','6','7','8','9','10','12','52','53','54','55','64','65','14','15','16','17','18','19','20','21','23','24','25','26','27','28','29','30','31','32','33','34','35','36','37','38','39','40','41','42','43','44','45','46','47','48','49','50','51','56','63','57','58','60','61') AND `menu` = 1 AND `pid` = 60  [ RunTime:0.0003s ]
SQL: SHOW COLUMNS FROM `zml_item` [ RunTime:0.0034s ]
NOTIC: [8] Undefined index: a.isdel F:\user\zhima\App\User\Model\ItemModel.class.php 第 63 行.
SQL: SHOW COLUMNS FROM `zml_item` [ RunTime:0.0044s ]
SQL: SELECT COUNT(*) AS tp_count FROM zml_item as a LEFT JOIN zml_item_video as b ON a.id = b.itemid  WHERE `status` = 0 AND a.isdel = '0' LIMIT 1   [ RunTime:0.0047s ]
SQL: SHOW COLUMNS FROM `zml_user_pay` [ RunTime:0.0030s ]
SQL: SELECT SUM(money) AS tp_sum FROM `zml_user_pay` WHERE `status` = 1 LIMIT 1   [ RunTime:0.0007s ]
SQL: SHOW COLUMNS FROM `zml_user_withdrawals` [ RunTime:0.0040s ]
SQL: SELECT SUM(money) AS tp_sum FROM `zml_user_withdrawals` WHERE `status` = 1 LIMIT 1   [ RunTime:0.0008s ]
SQL: SELECT COUNT(*) AS tp_count FROM `zml_user_withdrawals` WHERE `status` = 0 LIMIT 1   [ RunTime:0.0003s ]
SQL: SHOW COLUMNS FROM `zml_item_collect` [ RunTime:0.0038s ]
SQL: SHOW COLUMNS FROM `zml_item_collect` [ RunTime:0.0032s ]
SQL: SELECT COUNT(*) AS tp_count FROM zml_item_collect as a LEFT JOIN zml_item b ON a.itemid = b.id  LIMIT 1   [ RunTime:0.0004s ]
SQL: SHOW COLUMNS FROM `zml_item_with_order` [ RunTime:0.0043s ]
SQL: SHOW COLUMNS FROM `zml_item_with_order` [ RunTime:0.0034s ]
SQL: SELECT COUNT(*) AS tp_count FROM zml_item_with_order as a LIMIT 1   [ RunTime:0.0003s ]
SQL: SHOW COLUMNS FROM `zml_item_interview` [ RunTime:0.0038s ]
NOTIC: [2] Missing argument 2 for User\Model\ItemInterviewModel::countList(), called in F:\user\zhima\App\Admin\Controller\IndexController.class.php on line 22 and defined F:\user\zhima\App\User\Model\ItemInterviewModel.class.php 第 51 行.
SQL: SHOW COLUMNS FROM `zml_item_interview` [ RunTime:0.0028s ]
NOTIC: [8] Undefined variable: count F:\user\zhima\App\User\Model\ItemInterviewModel.class.php 第 55 行.
SQL: SELECT COUNT(*) AS tp_count FROM zml_item_interview as a LEFT JOIN zml_item b ON a.itemid = b.id  LIMIT 1   [ RunTime:0.0005s ]
SQL: SHOW COLUMNS FROM `zml_item_lead_user` [ RunTime:0.0032s ]
SQL: SHOW COLUMNS FROM `zml_item_lead_user` [ RunTime:0.0035s ]
SQL: SELECT COUNT(*) AS tp_count FROM zml_item_lead_user as a WHERE a.status = '1' LIMIT 1   [ RunTime:0.0004s ]
NOTIC: [8] Use of undefined constant j - assumed 'j' F:\user\zhima\App\Admin\Controller\IndexController.class.php 第 26 行.
NOTIC: [8] Undefined index: data F:\user\zhima\App\Admin\Controller\IndexController.class.php 第 34 行.
SQL: SELECT COUNT(*) AS tp_count FROM zml_item_collect as a LEFT JOIN zml_item b ON a.itemid = b.id  WHERE ( a.time > 1451577600 AND a.time < 1451663999  ) LIMIT 1   [ RunTime:0.0004s ]
NOTIC: [8] Undefined index: collect_item F:\user\zhima\App\Admin\Controller\IndexController.class.php 第 35 行.
SQL: SELECT COUNT(*) AS tp_count FROM zml_item_with_order as a WHERE ( a.create_time > 1451577600 AND a.create_time < 1451663999  ) LIMIT 1   [ RunTime:0.0003s ]
NOTIC: [8] Undefined index: with_item F:\user\zhima\App\Admin\Controller\IndexController.class.php 第 36 行.
NOTIC: [2] Missing argument 2 for User\Model\ItemInterviewModel::countList(), called in F:\user\zhima\App\Admin\Controller\IndexController.class.php on line 37 and defined F:\user\zhima\App\User\Model\ItemInterviewModel.class.php 第 51 行.
NOTIC: [8] Undefined variable: count F:\user\zhima\App\User\Model\ItemInterviewModel.class.php 第 55 行.
SQL: SELECT COUNT(*) AS tp_count FROM zml_item_interview as a LEFT JOIN zml_item b ON a.itemid = b.id  WHERE ( a.time > 1451577600 AND a.time < 1451663999  ) LIMIT 1   [ RunTime:0.0003s ]
NOTIC: [8] Undefined index: interview F:\user\zhima\App\Admin\Controller\IndexController.class.php 第 37 行.
SQL: SHOW COLUMNS FROM `zml_user_money_details` [ RunTime:0.0137s ]
SQL: SHOW COLUMNS FROM `zml_user_money_details` [ RunTime:0.0029s ]
SQL: SELECT SUM(money) AS tp_sum FROM zml_user_money_details as a WHERE ( a.create_time > 1451577600 AND a.create_time < 1451663999  ) AND `type` = 1 LIMIT 1   [ RunTime:0.0004s ]
NOTIC: [8] Undefined index: inmoney F:\user\zhima\App\Admin\Controller\IndexController.class.php 第 38 行.
SQL: SELECT SUM(money) AS tp_sum FROM zml_user_money_details as a WHERE ( a.create_time > 1451577600 AND a.create_time < 1451663999  ) AND `type` = 2 LIMIT 1   [ RunTime:0.0007s ]
NOTIC: [8] Undefined index: outmoney F:\user\zhima\App\Admin\Controller\IndexController.class.php 第 39 行.
SQL: SHOW COLUMNS FROM `zml_user` [ RunTime:0.0031s ]
SQL: SHOW COLUMNS FROM `zml_user` [ RunTime:0.0039s ]
SQL: SELECT COUNT(*) AS tp_count FROM zml_user as a WHERE ( a.create_time > 1451577600 AND a.create_time < 1451663999  ) LIMIT 1   [ RunTime:0.0004s ]
NOTIC: [8] Undefined index: user F:\user\zhima\App\Admin\Controller\IndexController.class.php 第 40 行.
SQL: SELECT COUNT(*) AS tp_count FROM zml_item_collect as a LEFT JOIN zml_item b ON a.itemid = b.id  WHERE ( a.time > 1451664000 AND a.time < 1451750399  ) LIMIT 1   [ RunTime:0.0003s ]
SQL: SELECT COUNT(*) AS tp_count FROM zml_item_with_order as a WHERE ( a.create_time > 1451664000 AND a.create_time < 1451750399  ) LIMIT 1   [ RunTime:0.0002s ]
NOTIC: [2] Missing argument 2 for User\Model\ItemInterviewModel::countList(), called in F:\user\zhima\App\Admin\Controller\IndexController.class.php on line 37 and defined F:\user\zhima\App\User\Model\ItemInterviewModel.class.php 第 51 行.
NOTIC: [8] Undefined variable: count F:\user\zhima\App\User\Model\ItemInterviewModel.class.php 第 55 行.
SQL: SELECT COUNT(*) AS tp_count FROM zml_item_interview as a LEFT JOIN zml_item b ON a.itemid = b.id  WHERE ( a.time > 1451664000 AND a.time < 1451750399  ) LIMIT 1   [ RunTime:0.0003s ]
SQL: SELECT SUM(money) AS tp_sum FROM zml_user_money_details as a WHERE ( a.create_time > 1451664000 AND a.create_time < 1451750399  ) AND `type` = 1 LIMIT 1   [ RunTime:0.0003s ]
SQL: SELECT SUM(money) AS tp_sum FROM zml_user_money_details as a WHERE ( a.create_time > 1451664000 AND a.create_time < 1451750399  ) AND `type` = 2 LIMIT 1   [ RunTime:0.0002s ]
SQL: SELECT COUNT(*) AS tp_count FROM zml_user as a WHERE ( a.create_time > 1451664000 AND a.create_time < 1451750399  ) LIMIT 1   [ RunTime:0.0002s ]
SQL: SELECT COUNT(*) AS tp_count FROM zml_item_collect as a LEFT JOIN zml_item b ON a.itemid = b.id  WHERE ( a.time > 1451750400 AND a.time < 1451836799  ) LIMIT 1   [ RunTime:0.0003s ]
SQL: SELECT COUNT(*) AS tp_count FROM zml_item_with_order as a WHERE ( a.create_time > 1451750400 AND a.create_time < 1451836799  ) LIMIT 1   [ RunTime:0.0003s ]
NOTIC: [2] Missing argument 2 for User\Model\ItemInterviewModel::countList(), called in F:\user\zhima\App\Admin\Controller\IndexController.class.php on line 37 and defined F:\user\zhima\App\User\Model\ItemInterviewModel.class.php 第 51 行.
NOTIC: [8] Undefined variable: count F:\user\zhima\App\User\Model\ItemInterviewModel.class.php 第 55 行.
SQL: SELECT COUNT(*) AS tp_count FROM zml_item_interview as a LEFT JOIN zml_item b ON a.itemid = b.id  WHERE ( a.time > 1451750400 AND a.time < 1451836799  ) LIMIT 1   [ RunTime:0.0003s ]
SQL: SELECT SUM(money) AS tp_sum FROM zml_user_money_details as a WHERE ( a.create_time > 1451750400 AND a.create_time < 1451836799  ) AND `type` = 1 LIMIT 1   [ RunTime:0.0003s ]
SQL: SELECT SUM(money) AS tp_sum FROM zml_user_money_details as a WHERE ( a.create_time > 1451750400 AND a.create_time < 1451836799  ) AND `type` = 2 LIMIT 1   [ RunTime:0.0003s ]
SQL: SELECT COUNT(*) AS tp_count FROM zml_user as a WHERE ( a.create_time > 1451750400 AND a.create_time < 1451836799  ) LIMIT 1   [ RunTime:0.0003s ]
SQL: SELECT COUNT(*) AS tp_count FROM zml_item_collect as a LEFT JOIN zml_item b ON a.itemid = b.id  WHERE ( a.time > 1451836800 AND a.time < 1451923199  ) LIMIT 1   [ RunTime:0.0003s ]
SQL: SELECT COUNT(*) AS tp_count FROM zml_item_with_order as a WHERE ( a.create_time > 1451836800 AND a.create_time < 1451923199  ) LIMIT 1   [ RunTime:0.0003s ]
NOTIC: [2] Missing argument 2 for User\Model\ItemInterviewModel::countList(), called in F:\user\zhima\App\Admin\Controller\IndexController.class.php on line 37 and defined F:\user\zhima\App\User\Model\ItemInterviewModel.class.php 第 51 行.
NOTIC: [8] Undefined variable: count F:\user\zhima\App\User\Model\ItemInterviewModel.class.php 第 55 行.
SQL: SELECT COUNT(*) AS tp_count FROM zml_item_interview as a LEFT JOIN zml_item b ON a.itemid = b.id  WHERE ( a.time > 1451836800 AND a.time < 1451923199  ) LIMIT 1   [ RunTime:0.0003s ]
SQL: SELECT SUM(money) AS tp_sum FROM zml_user_money_details as a WHERE ( a.create_time > 1451836800 AND a.create_time < 1451923199  ) AND `type` = 1 LIMIT 1   [ RunTime:0.0003s ]
SQL: SELECT SUM(money) AS tp_sum FROM zml_user_money_details as a WHERE ( a.create_time > 1451836800 AND a.create_time < 1451923199  ) AND `type` = 2 LIMIT 1   [ RunTime:0.0002s ]
SQL: SELECT COUNT(*) AS tp_count FROM zml_user as a WHERE ( a.create_time > 1451836800 AND a.create_time < 1451923199  ) LIMIT 1   [ RunTime:0.0002s ]
SQL: SELECT COUNT(*) AS tp_count FROM zml_item_collect as a LEFT JOIN zml_item b ON a.itemid = b.id  WHERE ( a.time > 1451923200 AND a.time < 1452009599  ) LIMIT 1   [ RunTime:0.0003s ]
SQL: SELECT COUNT(*) AS tp_count FROM zml_item_with_order as a WHERE ( a.create_time > 1451923200 AND a.create_time < 1452009599  ) LIMIT 1   [ RunTime:0.0002s ]
NOTIC: [2] Missing argument 2 for User\Model\ItemInterviewModel::countList(), called in F:\user\zhima\App\Admin\Controller\IndexController.class.php on line 37 and defined F:\user\zhima\App\User\Model\ItemInterviewModel.class.php 第 51 行.
NOTIC: [8] Undefined variable: count F:\user\zhima\App\User\Model\ItemInterviewModel.class.php 第 55 行.
SQL: SELECT COUNT(*) AS tp_count FROM zml_item_interview as a LEFT JOIN zml_item b ON a.itemid = b.id  WHERE ( a.time > 1451923200 AND a.time < 1452009599  ) LIMIT 1   [ RunTime:0.0002s ]
SQL: SELECT SUM(money) AS tp_sum FROM zml_user_money_details as a WHERE ( a.create_time > 1451923200 AND a.create_time < 1452009599  ) AND `type` = 1 LIMIT 1   [ RunTime:0.0003s ]
SQL: SELECT SUM(money) AS tp_sum FROM zml_user_money_details as a WHERE ( a.create_time > 1451923200 AND a.create_time < 1452009599  ) AND `type` = 2 LIMIT 1   [ RunTime:0.0003s ]
SQL: SELECT COUNT(*) AS tp_count FROM zml_user as a WHERE ( a.create_time > 1451923200 AND a.create_time < 1452009599  ) LIMIT 1   [ RunTime:0.0002s ]
SQL: SELECT COUNT(*) AS tp_count FROM zml_item_collect as a LEFT JOIN zml_item b ON a.itemid = b.id  WHERE ( a.time > 1452009600 AND a.time < 1452095999  ) LIMIT 1   [ RunTime:0.0002s ]
SQL: SELECT COUNT(*) AS tp_count FROM zml_item_with_order as a WHERE ( a.create_time > 1452009600 AND a.create_time < 1452095999  ) LIMIT 1   [ RunTime:0.0002s ]
NOTIC: [2] Missing argument 2 for User\Model\ItemInterviewModel::countList(), called in F:\user\zhima\App\Admin\Controller\IndexController.class.php on line 37 and defined F:\user\zhima\App\User\Model\ItemInterviewModel.class.php 第 51 行.
NOTIC: [8] Undefined variable: count F:\user\zhima\App\User\Model\ItemInterviewModel.class.php 第 55 行.
SQL: SELECT COUNT(*) AS tp_count FROM zml_item_interview as a LEFT JOIN zml_item b ON a.itemid = b.id  WHERE ( a.time > 1452009600 AND a.time < 1452095999  ) LIMIT 1   [ RunTime:0.0002s ]
SQL: SELECT SUM(money) AS tp_sum FROM zml_user_money_details as a WHERE ( a.create_time > 1452009600 AND a.create_time < 1452095999  ) AND `type` = 1 LIMIT 1   [ RunTime:0.0002s ]
SQL: SELECT SUM(money) AS tp_sum FROM zml_user_money_details as a WHERE ( a.create_time > 1452009600 AND a.create_time < 1452095999  ) AND `type` = 2 LIMIT 1   [ RunTime:0.0002s ]
SQL: SELECT COUNT(*) AS tp_count FROM zml_user as a WHERE ( a.create_time > 1452009600 AND a.create_time < 1452095999  ) LIMIT 1   [ RunTime:0.0002s ]
SQL: SELECT COUNT(*) AS tp_count FROM zml_item_collect as a LEFT JOIN zml_item b ON a.itemid = b.id  WHERE ( a.time > 1452096000 AND a.time < 1452182399  ) LIMIT 1   [ RunTime:0.0003s ]
SQL: SELECT COUNT(*) AS tp_count FROM zml_item_with_order as a WHERE ( a.create_time > 1452096000 AND a.create_time < 1452182399  ) LIMIT 1   [ RunTime:0.0003s ]
NOTIC: [2] Missing argument 2 for User\Model\ItemInterviewModel::countList(), called in F:\user\zhima\App\Admin\Controller\IndexController.class.php on line 37 and defined F:\user\zhima\App\User\Model\ItemInterviewModel.class.php 第 51 行.
NOTIC: [8] Undefined variable: count F:\user\zhima\App\User\Model\ItemInterviewModel.class.php 第 55 行.
SQL: SELECT COUNT(*) AS tp_count FROM zml_item_interview as a LEFT JOIN zml_item b ON a.itemid = b.id  WHERE ( a.time > 1452096000 AND a.time < 1452182399  ) LIMIT 1   [ RunTime:0.0003s ]
SQL: SELECT SUM(money) AS tp_sum FROM zml_user_money_details as a WHERE ( a.create_time > 1452096000 AND a.create_time < 1452182399  ) AND `type` = 1 LIMIT 1   [ RunTime:0.0002s ]
SQL: SELECT SUM(money) AS tp_sum FROM zml_user_money_details as a WHERE ( a.create_time > 1452096000 AND a.create_time < 1452182399  ) AND `type` = 2 LIMIT 1   [ RunTime:0.0002s ]
SQL: SELECT COUNT(*) AS tp_count FROM zml_user as a WHERE ( a.create_time > 1452096000 AND a.create_time < 1452182399  ) LIMIT 1   [ RunTime:0.0002s ]
SQL: SELECT COUNT(*) AS tp_count FROM zml_item_collect as a LEFT JOIN zml_item b ON a.itemid = b.id  WHERE ( a.time > 1452182400 AND a.time < 1452268799  ) LIMIT 1   [ RunTime:0.0002s ]
SQL: SELECT COUNT(*) AS tp_count FROM zml_item_with_order as a WHERE ( a.create_time > 1452182400 AND a.create_time < 1452268799  ) LIMIT 1   [ RunTime:0.0002s ]
NOTIC: [2] Missing argument 2 for User\Model\ItemInterviewModel::countList(), called in F:\user\zhima\App\Admin\Controller\IndexController.class.php on line 37 and defined F:\user\zhima\App\User\Model\ItemInterviewModel.class.php 第 51 行.
NOTIC: [8] Undefined variable: count F:\user\zhima\App\User\Model\ItemInterviewModel.class.php 第 55 行.
SQL: SELECT COUNT(*) AS tp_count FROM zml_item_interview as a LEFT JOIN zml_item b ON a.itemid = b.id  WHERE ( a.time > 1452182400 AND a.time < 1452268799  ) LIMIT 1   [ RunTime:0.0002s ]
SQL: SELECT SUM(money) AS tp_sum FROM zml_user_money_details as a WHERE ( a.create_time > 1452182400 AND a.create_time < 1452268799  ) AND `type` = 1 LIMIT 1   [ RunTime:0.0002s ]
SQL: SELECT SUM(money) AS tp_sum FROM zml_user_money_details as a WHERE ( a.create_time > 1452182400 AND a.create_time < 1452268799  ) AND `type` = 2 LIMIT 1   [ RunTime:0.0002s ]
SQL: SELECT COUNT(*) AS tp_count FROM zml_user as a WHERE ( a.create_time > 1452182400 AND a.create_time < 1452268799  ) LIMIT 1   [ RunTime:0.0003s ]
INFO: [ view_parse ] --START--
NOTIC: [2] file_get_contents(./Template/Admin/default/Index/foot.html): failed to open stream: No such file or directory F:\user\zhima\Inc\Library\Think\Template.class.php 第 696 行.
INFO: [ template_filter ] --START--
INFO: Run Behavior\ContentReplaceBehavior [ RunTime:0.000224s ]
INFO: [ template_filter ] --END-- [ RunTime:0.000316s ]
INFO: Run Behavior\ParseTemplateBehavior [ RunTime:0.035392s ]
INFO: [ view_parse ] --END-- [ RunTime:0.035493s ]
INFO: [ view_filter ] --START--
INFO: Run Behavior\WriteHtmlCacheBehavior [ RunTime:0.000617s ]
INFO: [ view_filter ] --END-- [ RunTime:0.000659s ]
INFO: [ app_end ] --START--
INFO: Run Behavior\ShowPageTraceBehavior [ RunTime:0.000932s ]
INFO: [ app_end ] --END-- [ RunTime:0.000996s ]

[ 2016-01-08T07:22:10+08:00 ] 127.0.0.1 /index.php?s=/Admin/Nav/index.html
INFO: [ app_init ] --START--
INFO: Run Behavior\BuildLiteBehavior [ RunTime:0.000023s ]
INFO: [ app_init ] --END-- [ RunTime:0.000439s ]
INFO: [ app_begin ] --START--
INFO: Run Behavior\ReadHtmlCacheBehavior [ RunTime:0.000702s ]
INFO: [ app_begin ] --END-- [ RunTime:0.000807s ]
SQL: SHOW COLUMNS FROM `zml_admin_user` [ RunTime:0.0036s ]
SQL: SELECT * FROM `zml_admin_user` WHERE `id` = 1 LIMIT 1   [ RunTime:0.0005s ]
SQL: SHOW COLUMNS FROM `zml_admin_auth_group_access` [ RunTime:0.0025s ]
SQL: SELECT g.title FROM zml_admin_auth_group_access a INNER JOIN zml_admin_auth_group g ON a.group_id=g.id  WHERE a.uid = '1' LIMIT 1   [ RunTime:0.0004s ]
SQL: SHOW COLUMNS FROM `zml_admin_auth_group_access` [ RunTime:0.0028s ]
SQL: SELECT `group_id` FROM `zml_admin_auth_group_access` WHERE `uid` = 1 LIMIT 1   [ RunTime:0.0003s ]
SQL: SHOW COLUMNS FROM `zml_admin_auth_group` [ RunTime:0.0027s ]
SQL: SELECT `rules` FROM `zml_admin_auth_group` WHERE `id` = 1 LIMIT 1   [ RunTime:0.0003s ]
SQL: SHOW COLUMNS FROM `zml_admin_auth_rule` [ RunTime:0.0029s ]
SQL: SELECT * FROM `zml_admin_auth_rule` WHERE `id` IN ('1','13','22','11','3','4','5','6','7','8','9','10','12','52','53','54','55','64','65','14','15','16','17','18','19','20','21','23','24','25','26','27','28','29','30','31','32','33','34','35','36','37','38','39','40','41','42','43','44','45','46','47','48','49','50','51','56','63','57','58','60','61') AND `menu` = 1 AND `pid` = 0  [ RunTime:0.0005s ]
SQL: SELECT * FROM `zml_admin_auth_rule` WHERE `id` IN ('1','13','22','11','3','4','5','6','7','8','9','10','12','52','53','54','55','64','65','14','15','16','17','18','19','20','21','23','24','25','26','27','28','29','30','31','32','33','34','35','36','37','38','39','40','41','42','43','44','45','46','47','48','49','50','51','56','63','57','58','60','61') AND `menu` = 1 AND `pid` = 1  [ RunTime:0.0004s ]
SQL: SELECT * FROM `zml_admin_auth_rule` WHERE `id` IN ('1','13','22','11','3','4','5','6','7','8','9','10','12','52','53','54','55','64','65','14','15','16','17','18','19','20','21','23','24','25','26','27','28','29','30','31','32','33','34','35','36','37','38','39','40','41','42','43','44','45','46','47','48','49','50','51','56','63','57','58','60','61') AND `menu` = 1 AND `pid` = 13  [ RunTime:0.0005s ]
SQL: SELECT * FROM `zml_admin_auth_rule` WHERE `id` IN ('1','13','22','11','3','4','5','6','7','8','9','10','12','52','53','54','55','64','65','14','15','16','17','18','19','20','21','23','24','25','26','27','28','29','30','31','32','33','34','35','36','37','38','39','40','41','42','43','44','45','46','47','48','49','50','51','56','63','57','58','60','61') AND `menu` = 1 AND `pid` = 11  [ RunTime:0.0005s ]
SQL: SELECT * FROM `zml_admin_auth_rule` WHERE `id` IN ('1','13','22','11','3','4','5','6','7','8','9','10','12','52','53','54','55','64','65','14','15','16','17','18','19','20','21','23','24','25','26','27','28','29','30','31','32','33','34','35','36','37','38','39','40','41','42','43','44','45','46','47','48','49','50','51','56','63','57','58','60','61') AND `menu` = 1 AND `pid` = 14  [ RunTime:0.0005s ]
SQL: SELECT * FROM `zml_admin_auth_rule` WHERE `id` IN ('1','13','22','11','3','4','5','6','7','8','9','10','12','52','53','54','55','64','65','14','15','16','17','18','19','20','21','23','24','25','26','27','28','29','30','31','32','33','34','35','36','37','38','39','40','41','42','43','44','45','46','47','48','49','50','51','56','63','57','58','60','61') AND `menu` = 1 AND `pid` = 24  [ RunTime:0.0005s ]
SQL: SELECT * FROM `zml_admin_auth_rule` WHERE `id` IN ('1','13','22','11','3','4','5','6','7','8','9','10','12','52','53','54','55','64','65','14','15','16','17','18','19','20','21','23','24','25','26','27','28','29','30','31','32','33','34','35','36','37','38','39','40','41','42','43','44','45','46','47','48','49','50','51','56','63','57','58','60','61') AND `menu` = 1 AND `pid` = 50  [ RunTime:0.0005s ]
SQL: SELECT * FROM `zml_admin_auth_rule` WHERE `id` IN ('1','13','22','11','3','4','5','6','7','8','9','10','12','52','53','54','55','64','65','14','15','16','17','18','19','20','21','23','24','25','26','27','28','29','30','31','32','33','34','35','36','37','38','39','40','41','42','43','44','45','46','47','48','49','50','51','56','63','57','58','60','61') AND `menu` = 1 AND `pid` = 57  [ RunTime:0.0004s ]
SQL: SELECT * FROM `zml_admin_auth_rule` WHERE `id` IN ('1','13','22','11','3','4','5','6','7','8','9','10','12','52','53','54','55','64','65','14','15','16','17','18','19','20','21','23','24','25','26','27','28','29','30','31','32','33','34','35','36','37','38','39','40','41','42','43','44','45','46','47','48','49','50','51','56','63','57','58','60','61') AND `menu` = 1 AND `pid` = 60  [ RunTime:0.0004s ]
SQL: SHOW COLUMNS FROM `zml_nav` [ RunTime:0.0030s ]
SQL: SELECT * FROM `zml_nav` WHERE `pid` = 0 ORDER BY sort desc  [ RunTime:0.0134s ]
SQL: SELECT * FROM `zml_nav` WHERE `pid` = 1 ORDER BY sort desc  [ RunTime:0.0003s ]
SQL: SELECT * FROM `zml_nav` WHERE `pid` = 3 ORDER BY sort desc  [ RunTime:0.0002s ]
SQL: SELECT * FROM `zml_nav` WHERE `pid` = 5 ORDER BY sort desc  [ RunTime:0.0002s ]
SQL: SELECT * FROM `zml_nav` WHERE `pid` = 7 ORDER BY sort desc  [ RunTime:0.0002s ]
SQL: SELECT * FROM `zml_nav` WHERE `pid` = 8 ORDER BY sort desc  [ RunTime:0.0002s ]
SQL: SELECT * FROM `zml_nav` WHERE `pid` = 9 ORDER BY sort desc  [ RunTime:0.0002s ]
INFO: [ view_parse ] --START--
NOTIC: [2] file_get_contents(./Template/Admin/default/Nav/foot.html): failed to open stream: No such file or directory F:\user\zhima\Inc\Library\Think\Template.class.php 第 696 行.
INFO: [ template_filter ] --START--
INFO: Run Behavior\ContentReplaceBehavior [ RunTime:0.000212s ]
INFO: [ template_filter ] --END-- [ RunTime:0.000289s ]
NOTIC: [8] Undefined variable: page F:\user\zhima\Runtime\Cache\Admin\5a7c4a610de1b4983de99e5a4081980c.php 第 261 行.
INFO: Run Behavior\ParseTemplateBehavior [ RunTime:0.037708s ]
INFO: [ view_parse ] --END-- [ RunTime:0.037832s ]
INFO: [ view_filter ] --START--
INFO: Run Behavior\WriteHtmlCacheBehavior [ RunTime:0.000368s ]
INFO: [ view_filter ] --END-- [ RunTime:0.000408s ]
INFO: [ app_end ] --START--
INFO: Run Behavior\ShowPageTraceBehavior [ RunTime:0.001034s ]
INFO: [ app_end ] --END-- [ RunTime:0.001121s ]

