[ 2016-01-09T09:25:12+08:00 ] 127.0.0.1 /
INFO: [ app_init ] --START--
INFO: Run Behavior\BuildLiteBehavior [ RunTime:0.000047s ]
INFO: [ app_init ] --END-- [ RunTime:0.070040s ]
INFO: [ app_begin ] --START--
INFO: Run Behavior\ReadHtmlCacheBehavior [ RunTime:0.008506s ]
INFO: [ app_begin ] --END-- [ RunTime:0.008751s ]
INFO: [ view_parse ] --START--
NOTIC: [8] Undefined variable: w F:\user\zhima\App\TagLib\Zml.class.php 第 71 行.
NOTIC: [8] Undefined index: order F:\user\zhima\App\TagLib\Zml.class.php 第 166 行.
NOTIC: [8] Undefined index: cid F:\user\zhima\App\TagLib\Zml.class.php 第 167 行.
NOTIC: [8] Undefined index: attr F:\user\zhima\App\TagLib\Zml.class.php 第 170 行.
NOTIC: [8] Undefined variable: w F:\user\zhima\App\TagLib\Zml.class.php 第 178 行.
INFO: [ template_filter ] --START--
INFO: Run Behavior\ContentReplaceBehavior [ RunTime:0.000164s ]
INFO: [ template_filter ] --END-- [ RunTime:0.000350s ]
SQL: SHOW COLUMNS FROM `zml_ad` [ RunTime:0.0922s ]
SQL: SELECT * FROM `zml_ad` WHERE ( type =1 )  [ RunTime:0.0011s ]
SQL: SHOW COLUMNS FROM `zml_item` [ RunTime:0.0451s ]
NOTIC: [2] Illegal string offset 'a.isdel' F:\user\zhima\App\User\Model\ItemModel.class.php 第 46 行.
SQL: SHOW COLUMNS FROM `zml_item` [ RunTime:0.0061s ]
SQL: SELECT a.*,a.id as id,c.id as cid,c.name as progress_name,d.uin,d.name as user_name,d.header as user_header,e.id as eid,e.name as category_name FROM zml_item as a LEFT JOIN zml_item_progress as c ON a.progress = c.id LEFT JOIN zml_user as d ON a.uin = d.uin LEFT JOIN zml_item_category as e ON a.cid = e.id  WHERE ( a.status =1 AND a.progress =1 AND a.end_time >1452302711 AND a.isdel = 0 ) ORDER BY sort desc LIMIT 10   [ RunTime:0.1258s ]
INFO: Run Behavior\ParseTemplateBehavior [ RunTime:0.594267s ]
INFO: [ view_parse ] --END-- [ RunTime:0.594483s ]
INFO: [ view_filter ] --START--
INFO: Run Behavior\WriteHtmlCacheBehavior [ RunTime:0.011674s ]
INFO: [ view_filter ] --END-- [ RunTime:0.011846s ]
INFO: [ app_end ] --START--
INFO: Run Behavior\ShowPageTraceBehavior [ RunTime:0.013122s ]
INFO: [ app_end ] --END-- [ RunTime:0.013311s ]

[ 2016-01-09T09:25:52+08:00 ] 127.0.0.1 /Weixin.html
INFO: [ app_init ] --START--
INFO: Run Behavior\BuildLiteBehavior [ RunTime:0.000017s ]
INFO: [ app_init ] --END-- [ RunTime:0.000400s ]
INFO: [ app_begin ] --START--
INFO: Run Behavior\ReadHtmlCacheBehavior [ RunTime:0.000472s ]
INFO: [ app_begin ] --END-- [ RunTime:0.000544s ]
INFO: [ app_end ] --START--
INFO: Run Behavior\ShowPageTraceBehavior [ RunTime:0.000494s ]
INFO: [ app_end ] --END-- [ RunTime:0.000566s ]

[ 2016-01-09T09:25:58+08:00 ] 127.0.0.1 /weixin/index.html
INFO: [ app_init ] --START--
INFO: Run Behavior\BuildLiteBehavior [ RunTime:0.000017s ]
INFO: [ app_init ] --END-- [ RunTime:0.000515s ]
INFO: [ app_begin ] --START--
INFO: Run Behavior\ReadHtmlCacheBehavior [ RunTime:0.000443s ]
INFO: [ app_begin ] --END-- [ RunTime:0.000491s ]
INFO: [ app_end ] --START--
INFO: Run Behavior\ShowPageTraceBehavior [ RunTime:0.000445s ]
INFO: [ app_end ] --END-- [ RunTime:0.000494s ]

[ 2016-01-09T09:26:14+08:00 ] 127.0.0.1 /weixin/index.html
INFO: [ app_init ] --START--
INFO: Run Behavior\BuildLiteBehavior [ RunTime:0.000121s ]
INFO: [ app_init ] --END-- [ RunTime:0.000852s ]
INFO: [ app_begin ] --START--
INFO: Run Behavior\ReadHtmlCacheBehavior [ RunTime:0.000786s ]
INFO: [ app_begin ] --END-- [ RunTime:0.000908s ]
INFO: [ app_end ] --START--
INFO: Run Behavior\ShowPageTraceBehavior [ RunTime:0.000736s ]
INFO: [ app_end ] --END-- [ RunTime:0.000844s ]

[ 2016-01-09T09:26:15+08:00 ] 127.0.0.1 /weixin/index.html
INFO: [ app_init ] --START--
INFO: Run Behavior\BuildLiteBehavior [ RunTime:0.000020s ]
INFO: [ app_init ] --END-- [ RunTime:0.000709s ]
INFO: [ app_begin ] --START--
INFO: Run Behavior\ReadHtmlCacheBehavior [ RunTime:0.000647s ]
INFO: [ app_begin ] --END-- [ RunTime:0.000782s ]
INFO: [ app_end ] --START--
INFO: Run Behavior\ShowPageTraceBehavior [ RunTime:0.000566s ]
INFO: [ app_end ] --END-- [ RunTime:0.000653s ]

[ 2016-01-09T09:26:15+08:00 ] 127.0.0.1 /weixin/index.html
INFO: [ app_init ] --START--
INFO: Run Behavior\BuildLiteBehavior [ RunTime:0.000017s ]
INFO: [ app_init ] --END-- [ RunTime:0.000446s ]
INFO: [ app_begin ] --START--
INFO: Run Behavior\ReadHtmlCacheBehavior [ RunTime:0.000485s ]
INFO: [ app_begin ] --END-- [ RunTime:0.000563s ]
INFO: [ app_end ] --START--
INFO: Run Behavior\ShowPageTraceBehavior [ RunTime:0.000970s ]
INFO: [ app_end ] --END-- [ RunTime:0.001081s ]

[ 2016-01-09T09:26:20+08:00 ] 127.0.0.1 /weixin/index.html?test=s
INFO: [ app_init ] --START--
INFO: Run Behavior\BuildLiteBehavior [ RunTime:0.000019s ]
INFO: [ app_init ] --END-- [ RunTime:0.000401s ]
INFO: [ app_begin ] --START--
INFO: Run Behavior\ReadHtmlCacheBehavior [ RunTime:0.000600s ]
INFO: [ app_begin ] --END-- [ RunTime:0.000723s ]
INFO: [ app_end ] --START--
INFO: Run Behavior\ShowPageTraceBehavior [ RunTime:0.000619s ]
INFO: [ app_end ] --END-- [ RunTime:0.000742s ]

[ 2016-01-09T09:47:50+08:00 ] 127.0.0.1 /hongbao/
INFO: [ app_init ] --START--
INFO: Run Behavior\BuildLiteBehavior [ RunTime:0.000023s ]
INFO: [ app_init ] --END-- [ RunTime:0.000567s ]
INFO: [ app_begin ] --START--
INFO: Run Behavior\ReadHtmlCacheBehavior [ RunTime:0.000582s ]
INFO: [ app_begin ] --END-- [ RunTime:0.000647s ]
ERR: 模板不存在:./Template/Www/wap/Hongbao/index.html

[ 2016-01-09T09:48:15+08:00 ] 127.0.0.1 /hongbao/
INFO: [ app_init ] --START--
INFO: Run Behavior\BuildLiteBehavior [ RunTime:0.000018s ]
INFO: [ app_init ] --END-- [ RunTime:0.000513s ]
INFO: [ app_begin ] --START--
INFO: Run Behavior\ReadHtmlCacheBehavior [ RunTime:0.000420s ]
INFO: [ app_begin ] --END-- [ RunTime:0.000476s ]
INFO: [ view_parse ] --START--
NOTIC: [8] Undefined variable: w F:\user\zhima\App\TagLib\Zml.class.php 第 71 行.
NOTIC: [8] Undefined index: order F:\user\zhima\App\TagLib\Zml.class.php 第 166 行.
NOTIC: [8] Undefined index: cid F:\user\zhima\App\TagLib\Zml.class.php 第 167 行.
NOTIC: [8] Undefined index: attr F:\user\zhima\App\TagLib\Zml.class.php 第 170 行.
NOTIC: [8] Undefined variable: w F:\user\zhima\App\TagLib\Zml.class.php 第 178 行.
INFO: [ template_filter ] --START--
INFO: Run Behavior\ContentReplaceBehavior [ RunTime:0.014289s ]
INFO: [ template_filter ] --END-- [ RunTime:0.014390s ]
SQL: SHOW COLUMNS FROM `zml_ad` [ RunTime:0.0033s ]
SQL: SELECT * FROM `zml_ad` WHERE ( type =1 )  [ RunTime:0.0008s ]
SQL: SHOW COLUMNS FROM `zml_item` [ RunTime:0.0033s ]
NOTIC: [2] Illegal string offset 'a.isdel' F:\user\zhima\App\User\Model\ItemModel.class.php 第 46 行.
SQL: SHOW COLUMNS FROM `zml_item` [ RunTime:0.0040s ]
SQL: SELECT a.*,a.id as id,c.id as cid,c.name as progress_name,d.uin,d.name as user_name,d.header as user_header,e.id as eid,e.name as category_name FROM zml_item as a LEFT JOIN zml_item_progress as c ON a.progress = c.id LEFT JOIN zml_user as d ON a.uin = d.uin LEFT JOIN zml_item_category as e ON a.cid = e.id  WHERE ( a.status =1 AND a.progress =1 AND a.end_time >1452304095 AND a.isdel = 0 ) ORDER BY sort desc LIMIT 10   [ RunTime:0.0027s ]
INFO: Run Behavior\ParseTemplateBehavior [ RunTime:0.058197s ]
INFO: [ view_parse ] --END-- [ RunTime:0.058345s ]
INFO: [ view_filter ] --START--
INFO: Run Behavior\WriteHtmlCacheBehavior [ RunTime:0.001068s ]
INFO: [ view_filter ] --END-- [ RunTime:0.001152s ]
INFO: [ app_end ] --START--
INFO: Run Behavior\ShowPageTraceBehavior [ RunTime:0.000517s ]
INFO: [ app_end ] --END-- [ RunTime:0.000560s ]

[ 2016-01-09T09:50:06+08:00 ] 127.0.0.1 /
INFO: [ app_init ] --START--
INFO: Run Behavior\BuildLiteBehavior [ RunTime:0.000033s ]
INFO: [ app_init ] --END-- [ RunTime:0.001279s ]
INFO: [ app_begin ] --START--
INFO: Run Behavior\ReadHtmlCacheBehavior [ RunTime:0.000806s ]
INFO: [ app_begin ] --END-- [ RunTime:0.000894s ]
INFO: [ view_parse ] --START--
NOTIC: [8] Undefined variable: w F:\user\zhima\App\TagLib\Zml.class.php 第 71 行.
NOTIC: [8] Undefined index: order F:\user\zhima\App\TagLib\Zml.class.php 第 166 行.
NOTIC: [8] Undefined index: cid F:\user\zhima\App\TagLib\Zml.class.php 第 167 行.
NOTIC: [8] Undefined index: attr F:\user\zhima\App\TagLib\Zml.class.php 第 170 行.
NOTIC: [8] Undefined variable: w F:\user\zhima\App\TagLib\Zml.class.php 第 178 行.
INFO: [ template_filter ] --START--
INFO: Run Behavior\ContentReplaceBehavior [ RunTime:0.000073s ]
INFO: [ template_filter ] --END-- [ RunTime:0.000127s ]
SQL: SHOW COLUMNS FROM `zml_ad` [ RunTime:0.0033s ]
SQL: SELECT * FROM `zml_ad` WHERE ( type =1 )  [ RunTime:0.0005s ]
SQL: SHOW COLUMNS FROM `zml_item` [ RunTime:0.0030s ]
NOTIC: [2] Illegal string offset 'a.isdel' F:\user\zhima\App\User\Model\ItemModel.class.php 第 46 行.
SQL: SHOW COLUMNS FROM `zml_item` [ RunTime:0.0028s ]
SQL: SELECT a.*,a.id as id,c.id as cid,c.name as progress_name,d.uin,d.name as user_name,d.header as user_header,e.id as eid,e.name as category_name FROM zml_item as a LEFT JOIN zml_item_progress as c ON a.progress = c.id LEFT JOIN zml_user as d ON a.uin = d.uin LEFT JOIN zml_item_category as e ON a.cid = e.id  WHERE ( a.status =1 AND a.progress =1 AND a.end_time >1452304206 AND a.isdel = 0 ) ORDER BY sort desc LIMIT 10   [ RunTime:0.0028s ]
INFO: Run Behavior\ParseTemplateBehavior [ RunTime:0.050064s ]
INFO: [ view_parse ] --END-- [ RunTime:0.050335s ]
INFO: [ view_filter ] --START--
INFO: Run Behavior\WriteHtmlCacheBehavior [ RunTime:0.000770s ]
INFO: [ view_filter ] --END-- [ RunTime:0.000836s ]
INFO: [ app_end ] --START--
INFO: Run Behavior\ShowPageTraceBehavior [ RunTime:0.000578s ]
INFO: [ app_end ] --END-- [ RunTime:0.000622s ]

[ 2016-01-09T10:05:34+08:00 ] 127.0.0.1 /hongbao
INFO: [ app_init ] --START--
INFO: Run Behavior\BuildLiteBehavior [ RunTime:0.000017s ]
INFO: [ app_init ] --END-- [ RunTime:0.000381s ]
INFO: [ app_begin ] --START--
INFO: Run Behavior\ReadHtmlCacheBehavior [ RunTime:0.000427s ]
INFO: [ app_begin ] --END-- [ RunTime:0.000491s ]
INFO: [ view_parse ] --START--
NOTIC: [8] Undefined variable: w F:\user\zhima\App\TagLib\Zml.class.php 第 71 行.
NOTIC: [8] Undefined index: order F:\user\zhima\App\TagLib\Zml.class.php 第 166 行.
NOTIC: [8] Undefined index: cid F:\user\zhima\App\TagLib\Zml.class.php 第 167 行.
NOTIC: [8] Undefined index: attr F:\user\zhima\App\TagLib\Zml.class.php 第 170 行.
NOTIC: [8] Undefined variable: w F:\user\zhima\App\TagLib\Zml.class.php 第 178 行.
INFO: [ template_filter ] --START--
INFO: Run Behavior\ContentReplaceBehavior [ RunTime:0.000075s ]
INFO: [ template_filter ] --END-- [ RunTime:0.000128s ]
SQL: SHOW COLUMNS FROM `zml_ad` [ RunTime:0.0029s ]
SQL: SELECT * FROM `zml_ad` WHERE ( type =1 )  [ RunTime:0.0003s ]
SQL: SHOW COLUMNS FROM `zml_item` [ RunTime:0.0034s ]
NOTIC: [2] Illegal string offset 'a.isdel' F:\user\zhima\App\User\Model\ItemModel.class.php 第 46 行.
SQL: SHOW COLUMNS FROM `zml_item` [ RunTime:0.0035s ]
SQL: SELECT a.*,a.id as id,c.id as cid,c.name as progress_name,d.uin,d.name as user_name,d.header as user_header,e.id as eid,e.name as category_name FROM zml_item as a LEFT JOIN zml_item_progress as c ON a.progress = c.id LEFT JOIN zml_user as d ON a.uin = d.uin LEFT JOIN zml_item_category as e ON a.cid = e.id  WHERE ( a.status =1 AND a.progress =1 AND a.end_time >1452305134 AND a.isdel = 0 ) ORDER BY sort desc LIMIT 10   [ RunTime:0.0030s ]
INFO: Run Behavior\ParseTemplateBehavior [ RunTime:0.040953s ]
INFO: [ view_parse ] --END-- [ RunTime:0.041057s ]
INFO: [ view_filter ] --START--
INFO: Run Behavior\WriteHtmlCacheBehavior [ RunTime:0.000427s ]
INFO: [ view_filter ] --END-- [ RunTime:0.000469s ]
INFO: [ app_end ] --START--
INFO: Run Behavior\ShowPageTraceBehavior [ RunTime:0.000435s ]
INFO: [ app_end ] --END-- [ RunTime:0.000488s ]

[ 2016-01-09T10:08:38+08:00 ] 127.0.0.1 /hongbao
INFO: [ app_init ] --START--
INFO: Run Behavior\BuildLiteBehavior [ RunTime:0.000033s ]
INFO: [ app_init ] --END-- [ RunTime:0.000781s ]
INFO: [ app_begin ] --START--
INFO: Run Behavior\ReadHtmlCacheBehavior [ RunTime:0.000933s ]
INFO: [ app_begin ] --END-- [ RunTime:0.001042s ]
INFO: [ view_parse ] --START--
NOTIC: [8] Undefined variable: w F:\user\zhima\App\TagLib\Zml.class.php 第 71 行.
NOTIC: [8] Undefined index: order F:\user\zhima\App\TagLib\Zml.class.php 第 166 行.
NOTIC: [8] Undefined index: cid F:\user\zhima\App\TagLib\Zml.class.php 第 167 行.
NOTIC: [8] Undefined index: attr F:\user\zhima\App\TagLib\Zml.class.php 第 170 行.
NOTIC: [8] Undefined variable: w F:\user\zhima\App\TagLib\Zml.class.php 第 178 行.
INFO: [ template_filter ] --START--
INFO: Run Behavior\ContentReplaceBehavior [ RunTime:0.000118s ]
INFO: [ template_filter ] --END-- [ RunTime:0.000219s ]
SQL: SHOW COLUMNS FROM `zml_ad` [ RunTime:0.0052s ]
SQL: SELECT * FROM `zml_ad` WHERE ( type =1 )  [ RunTime:0.0005s ]
SQL: SHOW COLUMNS FROM `zml_item` [ RunTime:0.0043s ]
NOTIC: [2] Illegal string offset 'a.isdel' F:\user\zhima\App\User\Model\ItemModel.class.php 第 46 行.
SQL: SHOW COLUMNS FROM `zml_item` [ RunTime:0.0034s ]
SQL: SELECT a.*,a.id as id,c.id as cid,c.name as progress_name,d.uin,d.name as user_name,d.header as user_header,e.id as eid,e.name as category_name FROM zml_item as a LEFT JOIN zml_item_progress as c ON a.progress = c.id LEFT JOIN zml_user as d ON a.uin = d.uin LEFT JOIN zml_item_category as e ON a.cid = e.id  WHERE ( a.status =1 AND a.progress =1 AND a.end_time >1452305317 AND a.isdel = 0 ) ORDER BY sort desc LIMIT 10   [ RunTime:0.0048s ]
INFO: Run Behavior\ParseTemplateBehavior [ RunTime:0.076331s ]
INFO: [ view_parse ] --END-- [ RunTime:0.076445s ]
INFO: [ view_filter ] --START--
INFO: Run Behavior\WriteHtmlCacheBehavior [ RunTime:0.000882s ]
INFO: [ view_filter ] --END-- [ RunTime:0.000957s ]
INFO: [ app_end ] --START--
INFO: Run Behavior\ShowPageTraceBehavior [ RunTime:0.000776s ]
INFO: [ app_end ] --END-- [ RunTime:0.000849s ]

[ 2016-01-09T10:08:50+08:00 ] 127.0.0.1 /hongbao
INFO: [ app_init ] --START--
INFO: Run Behavior\BuildLiteBehavior [ RunTime:0.000017s ]
INFO: [ app_init ] --END-- [ RunTime:0.000389s ]
INFO: [ app_begin ] --START--
INFO: Run Behavior\ReadHtmlCacheBehavior [ RunTime:0.000476s ]
INFO: [ app_begin ] --END-- [ RunTime:0.000551s ]
INFO: [ view_parse ] --START--
NOTIC: [8] Undefined variable: w F:\user\zhima\App\TagLib\Zml.class.php 第 71 行.
NOTIC: [8] Undefined index: order F:\user\zhima\App\TagLib\Zml.class.php 第 166 行.
NOTIC: [8] Undefined index: cid F:\user\zhima\App\TagLib\Zml.class.php 第 167 行.
NOTIC: [8] Undefined index: attr F:\user\zhima\App\TagLib\Zml.class.php 第 170 行.
NOTIC: [8] Undefined variable: w F:\user\zhima\App\TagLib\Zml.class.php 第 178 行.
INFO: [ template_filter ] --START--
INFO: Run Behavior\ContentReplaceBehavior [ RunTime:0.000077s ]
INFO: [ template_filter ] --END-- [ RunTime:0.000131s ]
SQL: SHOW COLUMNS FROM `zml_ad` [ RunTime:0.0043s ]
SQL: SELECT * FROM `zml_ad` WHERE ( type =1 )  [ RunTime:0.0007s ]
SQL: SHOW COLUMNS FROM `zml_item` [ RunTime:0.0041s ]
NOTIC: [2] Illegal string offset 'a.isdel' F:\user\zhima\App\User\Model\ItemModel.class.php 第 46 行.
SQL: SHOW COLUMNS FROM `zml_item` [ RunTime:0.0040s ]
SQL: SELECT a.*,a.id as id,c.id as cid,c.name as progress_name,d.uin,d.name as user_name,d.header as user_header,e.id as eid,e.name as category_name FROM zml_item as a LEFT JOIN zml_item_progress as c ON a.progress = c.id LEFT JOIN zml_user as d ON a.uin = d.uin LEFT JOIN zml_item_category as e ON a.cid = e.id  WHERE ( a.status =1 AND a.progress =1 AND a.end_time >1452305330 AND a.isdel = 0 ) ORDER BY sort desc LIMIT 10   [ RunTime:0.0032s ]
INFO: Run Behavior\ParseTemplateBehavior [ RunTime:0.041815s ]
INFO: [ view_parse ] --END-- [ RunTime:0.041877s ]
INFO: [ view_filter ] --START--
INFO: Run Behavior\WriteHtmlCacheBehavior [ RunTime:0.000401s ]
INFO: [ view_filter ] --END-- [ RunTime:0.000443s ]
INFO: [ app_end ] --START--
INFO: Run Behavior\ShowPageTraceBehavior [ RunTime:0.000413s ]
INFO: [ app_end ] --END-- [ RunTime:0.000458s ]

[ 2016-01-09T10:10:04+08:00 ] 127.0.0.1 /hongbao
INFO: [ app_init ] --START--
INFO: Run Behavior\BuildLiteBehavior [ RunTime:0.000025s ]
INFO: [ app_init ] --END-- [ RunTime:0.000507s ]
INFO: [ app_begin ] --START--
INFO: Run Behavior\ReadHtmlCacheBehavior [ RunTime:0.000650s ]
INFO: [ app_begin ] --END-- [ RunTime:0.000737s ]
INFO: [ view_parse ] --START--
NOTIC: [8] Undefined variable: w F:\user\zhima\App\TagLib\Zml.class.php 第 71 行.
NOTIC: [8] Undefined index: order F:\user\zhima\App\TagLib\Zml.class.php 第 166 行.
NOTIC: [8] Undefined index: cid F:\user\zhima\App\TagLib\Zml.class.php 第 167 行.
NOTIC: [8] Undefined index: attr F:\user\zhima\App\TagLib\Zml.class.php 第 170 行.
NOTIC: [8] Undefined variable: w F:\user\zhima\App\TagLib\Zml.class.php 第 178 行.
INFO: [ template_filter ] --START--
INFO: Run Behavior\ContentReplaceBehavior [ RunTime:0.000077s ]
INFO: [ template_filter ] --END-- [ RunTime:0.000141s ]
SQL: SHOW COLUMNS FROM `zml_ad` [ RunTime:0.0030s ]
SQL: SELECT * FROM `zml_ad` WHERE ( type =1 )  [ RunTime:0.0004s ]
SQL: SHOW COLUMNS FROM `zml_item` [ RunTime:0.0033s ]
NOTIC: [2] Illegal string offset 'a.isdel' F:\user\zhima\App\User\Model\ItemModel.class.php 第 46 行.
SQL: SHOW COLUMNS FROM `zml_item` [ RunTime:0.0036s ]
SQL: SELECT a.*,a.id as id,c.id as cid,c.name as progress_name,d.uin,d.name as user_name,d.header as user_header,e.id as eid,e.name as category_name FROM zml_item as a LEFT JOIN zml_item_progress as c ON a.progress = c.id LEFT JOIN zml_user as d ON a.uin = d.uin LEFT JOIN zml_item_category as e ON a.cid = e.id  WHERE ( a.status =1 AND a.progress =1 AND a.end_time >1452305404 AND a.isdel = 0 ) ORDER BY sort desc LIMIT 10   [ RunTime:0.0032s ]
INFO: Run Behavior\ParseTemplateBehavior [ RunTime:0.042282s ]
INFO: [ view_parse ] --END-- [ RunTime:0.042344s ]
INFO: [ view_filter ] --START--
INFO: Run Behavior\WriteHtmlCacheBehavior [ RunTime:0.000502s ]
INFO: [ view_filter ] --END-- [ RunTime:0.000545s ]
INFO: [ app_end ] --START--
INFO: Run Behavior\ShowPageTraceBehavior [ RunTime:0.000517s ]
INFO: [ app_end ] --END-- [ RunTime:0.000568s ]

[ 2016-01-09T10:10:34+08:00 ] 127.0.0.1 /hongbao
INFO: [ app_init ] --START--
INFO: Run Behavior\BuildLiteBehavior [ RunTime:0.000026s ]
INFO: [ app_init ] --END-- [ RunTime:0.000676s ]
INFO: [ app_begin ] --START--
INFO: Run Behavior\ReadHtmlCacheBehavior [ RunTime:0.001062s ]
INFO: [ app_begin ] --END-- [ RunTime:0.001185s ]
INFO: [ view_parse ] --START--
NOTIC: [8] Undefined variable: w F:\user\zhima\App\TagLib\Zml.class.php 第 71 行.
NOTIC: [8] Undefined index: order F:\user\zhima\App\TagLib\Zml.class.php 第 166 行.
NOTIC: [8] Undefined index: cid F:\user\zhima\App\TagLib\Zml.class.php 第 167 行.
NOTIC: [8] Undefined index: attr F:\user\zhima\App\TagLib\Zml.class.php 第 170 行.
NOTIC: [8] Undefined variable: w F:\user\zhima\App\TagLib\Zml.class.php 第 178 行.
INFO: [ template_filter ] --START--
INFO: Run Behavior\ContentReplaceBehavior [ RunTime:0.000078s ]
INFO: [ template_filter ] --END-- [ RunTime:0.000142s ]
SQL: SHOW COLUMNS FROM `zml_ad` [ RunTime:0.0030s ]
SQL: SELECT * FROM `zml_ad` WHERE ( type =1 )  [ RunTime:0.0003s ]
SQL: SHOW COLUMNS FROM `zml_item` [ RunTime:0.0033s ]
NOTIC: [2] Illegal string offset 'a.isdel' F:\user\zhima\App\User\Model\ItemModel.class.php 第 46 行.
SQL: SHOW COLUMNS FROM `zml_item` [ RunTime:0.0029s ]
SQL: SELECT a.*,a.id as id,c.id as cid,c.name as progress_name,d.uin,d.name as user_name,d.header as user_header,e.id as eid,e.name as category_name FROM zml_item as a LEFT JOIN zml_item_progress as c ON a.progress = c.id LEFT JOIN zml_user as d ON a.uin = d.uin LEFT JOIN zml_item_category as e ON a.cid = e.id  WHERE ( a.status =1 AND a.progress =1 AND a.end_time >1452305434 AND a.isdel = 0 ) ORDER BY sort desc LIMIT 10   [ RunTime:0.0039s ]
INFO: Run Behavior\ParseTemplateBehavior [ RunTime:0.041403s ]
INFO: [ view_parse ] --END-- [ RunTime:0.041468s ]
INFO: [ view_filter ] --START--
INFO: Run Behavior\WriteHtmlCacheBehavior [ RunTime:0.000489s ]
INFO: [ view_filter ] --END-- [ RunTime:0.000531s ]
INFO: [ app_end ] --START--
INFO: Run Behavior\ShowPageTraceBehavior [ RunTime:0.000558s ]
INFO: [ app_end ] --END-- [ RunTime:0.000640s ]

[ 2016-01-09T10:10:59+08:00 ] 127.0.0.1 /hongbao
INFO: [ app_init ] --START--
INFO: Run Behavior\BuildLiteBehavior [ RunTime:0.000026s ]
INFO: [ app_init ] --END-- [ RunTime:0.000621s ]
INFO: [ app_begin ] --START--
INFO: Run Behavior\ReadHtmlCacheBehavior [ RunTime:0.000954s ]
INFO: [ app_begin ] --END-- [ RunTime:0.001072s ]
INFO: [ view_parse ] --START--
NOTIC: [8] Undefined variable: w F:\user\zhima\App\TagLib\Zml.class.php 第 71 行.
NOTIC: [8] Undefined index: order F:\user\zhima\App\TagLib\Zml.class.php 第 166 行.
NOTIC: [8] Undefined index: cid F:\user\zhima\App\TagLib\Zml.class.php 第 167 行.
NOTIC: [8] Undefined index: attr F:\user\zhima\App\TagLib\Zml.class.php 第 170 行.
NOTIC: [8] Undefined variable: w F:\user\zhima\App\TagLib\Zml.class.php 第 178 行.
INFO: [ template_filter ] --START--
INFO: Run Behavior\ContentReplaceBehavior [ RunTime:0.000209s ]
INFO: [ template_filter ] --END-- [ RunTime:0.000284s ]
SQL: SHOW COLUMNS FROM `zml_ad` [ RunTime:0.0030s ]
SQL: SELECT * FROM `zml_ad` WHERE ( type =1 )  [ RunTime:0.0005s ]
SQL: SHOW COLUMNS FROM `zml_item` [ RunTime:0.0035s ]
NOTIC: [2] Illegal string offset 'a.isdel' F:\user\zhima\App\User\Model\ItemModel.class.php 第 46 行.
SQL: SHOW COLUMNS FROM `zml_item` [ RunTime:0.0032s ]
SQL: SELECT a.*,a.id as id,c.id as cid,c.name as progress_name,d.uin,d.name as user_name,d.header as user_header,e.id as eid,e.name as category_name FROM zml_item as a LEFT JOIN zml_item_progress as c ON a.progress = c.id LEFT JOIN zml_user as d ON a.uin = d.uin LEFT JOIN zml_item_category as e ON a.cid = e.id  WHERE ( a.status =1 AND a.progress =1 AND a.end_time >1452305459 AND a.isdel = 0 ) ORDER BY sort desc LIMIT 10   [ RunTime:0.0031s ]
INFO: Run Behavior\ParseTemplateBehavior [ RunTime:0.043933s ]
INFO: [ view_parse ] --END-- [ RunTime:0.044047s ]
INFO: [ view_filter ] --START--
INFO: Run Behavior\WriteHtmlCacheBehavior [ RunTime:0.000506s ]
INFO: [ view_filter ] --END-- [ RunTime:0.000548s ]
INFO: [ app_end ] --START--
INFO: Run Behavior\ShowPageTraceBehavior [ RunTime:0.000576s ]
INFO: [ app_end ] --END-- [ RunTime:0.000651s ]

[ 2016-01-09T10:11:08+08:00 ] 127.0.0.1 /hongbao
INFO: [ app_init ] --START--
INFO: Run Behavior\BuildLiteBehavior [ RunTime:0.000018s ]
INFO: [ app_init ] --END-- [ RunTime:0.000390s ]
INFO: [ app_begin ] --START--
INFO: Run Behavior\ReadHtmlCacheBehavior [ RunTime:0.000471s ]
INFO: [ app_begin ] --END-- [ RunTime:0.000539s ]
INFO: [ view_parse ] --START--
NOTIC: [8] Undefined variable: w F:\user\zhima\App\TagLib\Zml.class.php 第 71 行.
NOTIC: [8] Undefined index: order F:\user\zhima\App\TagLib\Zml.class.php 第 166 行.
NOTIC: [8] Undefined index: cid F:\user\zhima\App\TagLib\Zml.class.php 第 167 行.
NOTIC: [8] Undefined index: attr F:\user\zhima\App\TagLib\Zml.class.php 第 170 行.
NOTIC: [8] Undefined variable: w F:\user\zhima\App\TagLib\Zml.class.php 第 178 行.
INFO: [ template_filter ] --START--
INFO: Run Behavior\ContentReplaceBehavior [ RunTime:0.000077s ]
INFO: [ template_filter ] --END-- [ RunTime:0.000138s ]
SQL: SHOW COLUMNS FROM `zml_ad` [ RunTime:0.0037s ]
SQL: SELECT * FROM `zml_ad` WHERE ( type =1 )  [ RunTime:0.0006s ]
SQL: SHOW COLUMNS FROM `zml_item` [ RunTime:0.0043s ]
NOTIC: [2] Illegal string offset 'a.isdel' F:\user\zhima\App\User\Model\ItemModel.class.php 第 46 行.
SQL: SHOW COLUMNS FROM `zml_item` [ RunTime:0.0042s ]
SQL: SELECT a.*,a.id as id,c.id as cid,c.name as progress_name,d.uin,d.name as user_name,d.header as user_header,e.id as eid,e.name as category_name FROM zml_item as a LEFT JOIN zml_item_progress as c ON a.progress = c.id LEFT JOIN zml_user as d ON a.uin = d.uin LEFT JOIN zml_item_category as e ON a.cid = e.id  WHERE ( a.status =1 AND a.progress =1 AND a.end_time >1452305468 AND a.isdel = 0 ) ORDER BY sort desc LIMIT 10   [ RunTime:0.0042s ]
INFO: Run Behavior\ParseTemplateBehavior [ RunTime:0.042208s ]
INFO: [ view_parse ] --END-- [ RunTime:0.042285s ]
INFO: [ view_filter ] --START--
INFO: Run Behavior\WriteHtmlCacheBehavior [ RunTime:0.000448s ]
INFO: [ view_filter ] --END-- [ RunTime:0.000496s ]
INFO: [ app_end ] --START--
INFO: Run Behavior\ShowPageTraceBehavior [ RunTime:0.000508s ]
INFO: [ app_end ] --END-- [ RunTime:0.000563s ]

[ 2016-01-09T10:11:18+08:00 ] 127.0.0.1 /hongbao
INFO: [ app_init ] --START--
INFO: Run Behavior\BuildLiteBehavior [ RunTime:0.000024s ]
INFO: [ app_init ] --END-- [ RunTime:0.000397s ]
INFO: [ app_begin ] --START--
INFO: Run Behavior\ReadHtmlCacheBehavior [ RunTime:0.000505s ]
INFO: [ app_begin ] --END-- [ RunTime:0.000648s ]
INFO: [ view_parse ] --START--
NOTIC: [8] Undefined variable: w F:\user\zhima\App\TagLib\Zml.class.php 第 71 行.
NOTIC: [8] Undefined index: order F:\user\zhima\App\TagLib\Zml.class.php 第 166 行.
NOTIC: [8] Undefined index: cid F:\user\zhima\App\TagLib\Zml.class.php 第 167 行.
NOTIC: [8] Undefined index: attr F:\user\zhima\App\TagLib\Zml.class.php 第 170 行.
NOTIC: [8] Undefined variable: w F:\user\zhima\App\TagLib\Zml.class.php 第 178 行.
INFO: [ template_filter ] --START--
INFO: Run Behavior\ContentReplaceBehavior [ RunTime:0.000276s ]
INFO: [ template_filter ] --END-- [ RunTime:0.000635s ]
SQL: SHOW COLUMNS FROM `zml_ad` [ RunTime:0.0033s ]
SQL: SELECT * FROM `zml_ad` WHERE ( type =1 )  [ RunTime:0.0004s ]
SQL: SHOW COLUMNS FROM `zml_item` [ RunTime:0.0058s ]
NOTIC: [2] Illegal string offset 'a.isdel' F:\user\zhima\App\User\Model\ItemModel.class.php 第 46 行.
SQL: SHOW COLUMNS FROM `zml_item` [ RunTime:0.0041s ]
SQL: SELECT a.*,a.id as id,c.id as cid,c.name as progress_name,d.uin,d.name as user_name,d.header as user_header,e.id as eid,e.name as category_name FROM zml_item as a LEFT JOIN zml_item_progress as c ON a.progress = c.id LEFT JOIN zml_user as d ON a.uin = d.uin LEFT JOIN zml_item_category as e ON a.cid = e.id  WHERE ( a.status =1 AND a.progress =1 AND a.end_time >1452305478 AND a.isdel = 0 ) ORDER BY sort desc LIMIT 10   [ RunTime:0.0043s ]
INFO: Run Behavior\ParseTemplateBehavior [ RunTime:0.045852s ]
INFO: [ view_parse ] --END-- [ RunTime:0.045949s ]
INFO: [ view_filter ] --START--
INFO: Run Behavior\WriteHtmlCacheBehavior [ RunTime:0.000520s ]
INFO: [ view_filter ] --END-- [ RunTime:0.000582s ]
INFO: [ app_end ] --START--
INFO: Run Behavior\ShowPageTraceBehavior [ RunTime:0.000747s ]
INFO: [ app_end ] --END-- [ RunTime:0.000897s ]

[ 2016-01-09T10:12:09+08:00 ] 127.0.0.1 /hongbao
INFO: [ app_init ] --START--
INFO: Run Behavior\BuildLiteBehavior [ RunTime:0.000018s ]
INFO: [ app_init ] --END-- [ RunTime:0.000372s ]
INFO: [ app_begin ] --START--
INFO: Run Behavior\ReadHtmlCacheBehavior [ RunTime:0.000465s ]
INFO: [ app_begin ] --END-- [ RunTime:0.000532s ]
INFO: [ view_parse ] --START--
NOTIC: [8] Undefined variable: w F:\user\zhima\App\TagLib\Zml.class.php 第 71 行.
NOTIC: [8] Undefined index: order F:\user\zhima\App\TagLib\Zml.class.php 第 166 行.
NOTIC: [8] Undefined index: cid F:\user\zhima\App\TagLib\Zml.class.php 第 167 行.
NOTIC: [8] Undefined index: attr F:\user\zhima\App\TagLib\Zml.class.php 第 170 行.
NOTIC: [8] Undefined variable: w F:\user\zhima\App\TagLib\Zml.class.php 第 178 行.
INFO: [ template_filter ] --START--
INFO: Run Behavior\ContentReplaceBehavior [ RunTime:0.000117s ]
INFO: [ template_filter ] --END-- [ RunTime:0.000182s ]
SQL: SHOW COLUMNS FROM `zml_ad` [ RunTime:0.0030s ]
SQL: SELECT * FROM `zml_ad` WHERE ( type =1 )  [ RunTime:0.0003s ]
SQL: SHOW COLUMNS FROM `zml_item` [ RunTime:0.0030s ]
NOTIC: [2] Illegal string offset 'a.isdel' F:\user\zhima\App\User\Model\ItemModel.class.php 第 46 行.
SQL: SHOW COLUMNS FROM `zml_item` [ RunTime:0.0031s ]
SQL: SELECT a.*,a.id as id,c.id as cid,c.name as progress_name,d.uin,d.name as user_name,d.header as user_header,e.id as eid,e.name as category_name FROM zml_item as a LEFT JOIN zml_item_progress as c ON a.progress = c.id LEFT JOIN zml_user as d ON a.uin = d.uin LEFT JOIN zml_item_category as e ON a.cid = e.id  WHERE ( a.status =1 AND a.progress =1 AND a.end_time >1452305529 AND a.isdel = 0 ) ORDER BY sort desc LIMIT 10   [ RunTime:0.0038s ]
INFO: Run Behavior\ParseTemplateBehavior [ RunTime:0.041311s ]
INFO: [ view_parse ] --END-- [ RunTime:0.041363s ]
INFO: [ view_filter ] --START--
INFO: Run Behavior\WriteHtmlCacheBehavior [ RunTime:0.000393s ]
INFO: [ view_filter ] --END-- [ RunTime:0.000434s ]
INFO: [ app_end ] --START--
INFO: Run Behavior\ShowPageTraceBehavior [ RunTime:0.000445s ]
INFO: [ app_end ] --END-- [ RunTime:0.000497s ]

[ 2016-01-09T10:12:34+08:00 ] 127.0.0.1 /hongbao
INFO: [ app_init ] --START--
INFO: Run Behavior\BuildLiteBehavior [ RunTime:0.000018s ]
INFO: [ app_init ] --END-- [ RunTime:0.000411s ]
INFO: [ app_begin ] --START--
INFO: Run Behavior\ReadHtmlCacheBehavior [ RunTime:0.000495s ]
INFO: [ app_begin ] --END-- [ RunTime:0.000582s ]
INFO: [ view_parse ] --START--
NOTIC: [8] Undefined variable: w F:\user\zhima\App\TagLib\Zml.class.php 第 71 行.
NOTIC: [8] Undefined index: order F:\user\zhima\App\TagLib\Zml.class.php 第 166 行.
NOTIC: [8] Undefined index: cid F:\user\zhima\App\TagLib\Zml.class.php 第 167 行.
NOTIC: [8] Undefined index: attr F:\user\zhima\App\TagLib\Zml.class.php 第 170 行.
NOTIC: [8] Undefined variable: w F:\user\zhima\App\TagLib\Zml.class.php 第 178 行.
INFO: [ template_filter ] --START--
INFO: Run Behavior\ContentReplaceBehavior [ RunTime:0.000135s ]
INFO: [ template_filter ] --END-- [ RunTime:0.000245s ]
SQL: SHOW COLUMNS FROM `zml_ad` [ RunTime:0.0038s ]
SQL: SELECT * FROM `zml_ad` WHERE ( type =1 )  [ RunTime:0.0004s ]
SQL: SHOW COLUMNS FROM `zml_item` [ RunTime:0.0034s ]
NOTIC: [2] Illegal string offset 'a.isdel' F:\user\zhima\App\User\Model\ItemModel.class.php 第 46 行.
SQL: SHOW COLUMNS FROM `zml_item` [ RunTime:0.0037s ]
SQL: SELECT a.*,a.id as id,c.id as cid,c.name as progress_name,d.uin,d.name as user_name,d.header as user_header,e.id as eid,e.name as category_name FROM zml_item as a LEFT JOIN zml_item_progress as c ON a.progress = c.id LEFT JOIN zml_user as d ON a.uin = d.uin LEFT JOIN zml_item_category as e ON a.cid = e.id  WHERE ( a.status =1 AND a.progress =1 AND a.end_time >1452305554 AND a.isdel = 0 ) ORDER BY sort desc LIMIT 10   [ RunTime:0.0054s ]
INFO: Run Behavior\ParseTemplateBehavior [ RunTime:0.046170s ]
INFO: [ view_parse ] --END-- [ RunTime:0.046227s ]
INFO: [ view_filter ] --START--
INFO: Run Behavior\WriteHtmlCacheBehavior [ RunTime:0.000405s ]
INFO: [ view_filter ] --END-- [ RunTime:0.000447s ]
INFO: [ app_end ] --START--
INFO: Run Behavior\ShowPageTraceBehavior [ RunTime:0.000463s ]
INFO: [ app_end ] --END-- [ RunTime:0.000515s ]

[ 2016-01-09T10:13:57+08:00 ] 127.0.0.1 /hongbao
INFO: [ app_init ] --START--
INFO: Run Behavior\BuildLiteBehavior [ RunTime:0.000024s ]
INFO: [ app_init ] --END-- [ RunTime:0.000747s ]
INFO: [ app_begin ] --START--
INFO: Run Behavior\ReadHtmlCacheBehavior [ RunTime:0.000685s ]
INFO: [ app_begin ] --END-- [ RunTime:0.000786s ]
INFO: [ view_parse ] --START--
NOTIC: [8] Undefined variable: w F:\user\zhima\App\TagLib\Zml.class.php 第 71 行.
NOTIC: [8] Undefined index: order F:\user\zhima\App\TagLib\Zml.class.php 第 166 行.
NOTIC: [8] Undefined index: cid F:\user\zhima\App\TagLib\Zml.class.php 第 167 行.
NOTIC: [8] Undefined index: attr F:\user\zhima\App\TagLib\Zml.class.php 第 170 行.
NOTIC: [8] Undefined variable: w F:\user\zhima\App\TagLib\Zml.class.php 第 178 行.
INFO: [ template_filter ] --START--
INFO: Run Behavior\ContentReplaceBehavior [ RunTime:0.000107s ]
INFO: [ template_filter ] --END-- [ RunTime:0.000195s ]
SQL: SHOW COLUMNS FROM `zml_ad` [ RunTime:0.0038s ]
SQL: SELECT * FROM `zml_ad` WHERE ( type =1 )  [ RunTime:0.0005s ]
SQL: SHOW COLUMNS FROM `zml_item` [ RunTime:0.0036s ]
NOTIC: [2] Illegal string offset 'a.isdel' F:\user\zhima\App\User\Model\ItemModel.class.php 第 46 行.
SQL: SHOW COLUMNS FROM `zml_item` [ RunTime:0.0042s ]
SQL: SELECT a.*,a.id as id,c.id as cid,c.name as progress_name,d.uin,d.name as user_name,d.header as user_header,e.id as eid,e.name as category_name FROM zml_item as a LEFT JOIN zml_item_progress as c ON a.progress = c.id LEFT JOIN zml_user as d ON a.uin = d.uin LEFT JOIN zml_item_category as e ON a.cid = e.id  WHERE ( a.status =1 AND a.progress =1 AND a.end_time >1452305637 AND a.isdel = 0 ) ORDER BY sort desc LIMIT 10   [ RunTime:0.0035s ]
INFO: Run Behavior\ParseTemplateBehavior [ RunTime:0.046532s ]
INFO: [ view_parse ] --END-- [ RunTime:0.046602s ]
INFO: [ view_filter ] --START--
INFO: Run Behavior\WriteHtmlCacheBehavior [ RunTime:0.000363s ]
INFO: [ view_filter ] --END-- [ RunTime:0.000410s ]
INFO: [ app_end ] --START--
INFO: Run Behavior\ShowPageTraceBehavior [ RunTime:0.000574s ]
INFO: [ app_end ] --END-- [ RunTime:0.000632s ]

[ 2016-01-09T10:16:02+08:00 ] 127.0.0.1 /hongbao
INFO: [ app_init ] --START--
INFO: Run Behavior\BuildLiteBehavior [ RunTime:0.000018s ]
INFO: [ app_init ] --END-- [ RunTime:0.000449s ]
INFO: [ app_begin ] --START--
INFO: Run Behavior\ReadHtmlCacheBehavior [ RunTime:0.001040s ]
INFO: [ app_begin ] --END-- [ RunTime:0.001174s ]
INFO: [ view_parse ] --START--
NOTIC: [8] Undefined variable: w F:\user\zhima\App\TagLib\Zml.class.php 第 71 行.
NOTIC: [8] Undefined index: order F:\user\zhima\App\TagLib\Zml.class.php 第 166 行.
NOTIC: [8] Undefined index: cid F:\user\zhima\App\TagLib\Zml.class.php 第 167 行.
NOTIC: [8] Undefined index: attr F:\user\zhima\App\TagLib\Zml.class.php 第 170 行.
NOTIC: [8] Undefined variable: w F:\user\zhima\App\TagLib\Zml.class.php 第 178 行.
INFO: [ template_filter ] --START--
INFO: Run Behavior\ContentReplaceBehavior [ RunTime:0.000075s ]
INFO: [ template_filter ] --END-- [ RunTime:0.000127s ]
SQL: SHOW COLUMNS FROM `zml_ad` [ RunTime:0.0033s ]
SQL: SELECT * FROM `zml_ad` WHERE ( type =1 )  [ RunTime:0.0004s ]
SQL: SHOW COLUMNS FROM `zml_item` [ RunTime:0.0033s ]
NOTIC: [2] Illegal string offset 'a.isdel' F:\user\zhima\App\User\Model\ItemModel.class.php 第 46 行.
SQL: SHOW COLUMNS FROM `zml_item` [ RunTime:0.0035s ]
SQL: SELECT a.*,a.id as id,c.id as cid,c.name as progress_name,d.uin,d.name as user_name,d.header as user_header,e.id as eid,e.name as category_name FROM zml_item as a LEFT JOIN zml_item_progress as c ON a.progress = c.id LEFT JOIN zml_user as d ON a.uin = d.uin LEFT JOIN zml_item_category as e ON a.cid = e.id  WHERE ( a.status =1 AND a.progress =1 AND a.end_time >1452305762 AND a.isdel = 0 ) ORDER BY sort desc LIMIT 10   [ RunTime:0.0035s ]
INFO: Run Behavior\ParseTemplateBehavior [ RunTime:0.042563s ]
INFO: [ view_parse ] --END-- [ RunTime:0.042628s ]
INFO: [ view_filter ] --START--
INFO: Run Behavior\WriteHtmlCacheBehavior [ RunTime:0.000501s ]
INFO: [ view_filter ] --END-- [ RunTime:0.000541s ]
INFO: [ app_end ] --START--
INFO: Run Behavior\ShowPageTraceBehavior [ RunTime:0.000556s ]
INFO: [ app_end ] --END-- [ RunTime:0.000605s ]

