[ 2016-01-08T07:21:56+08:00 ] 127.0.0.1 /
INFO: [ app_init ] --START--
INFO: Run Behavior\BuildLiteBehavior [ RunTime:0.000017s ]
INFO: [ app_init ] --END-- [ RunTime:0.000488s ]
INFO: [ app_begin ] --START--
INFO: Run Behavior\ReadHtmlCacheBehavior [ RunTime:0.000800s ]
INFO: [ app_begin ] --END-- [ RunTime:0.000883s ]
INFO: [ view_parse ] --START--
NOTIC: [8] Undefined variable: w F:\user\zhima\App\TagLib\Zml.class.php 第 71 行.
NOTIC: [8] Undefined index: order F:\user\zhima\App\TagLib\Zml.class.php 第 166 行.
NOTIC: [8] Undefined index: cid F:\user\zhima\App\TagLib\Zml.class.php 第 167 行.
NOTIC: [8] Undefined index: attr F:\user\zhima\App\TagLib\Zml.class.php 第 170 行.
NOTIC: [8] Undefined variable: w F:\user\zhima\App\TagLib\Zml.class.php 第 178 行.
INFO: [ template_filter ] --START--
INFO: Run Behavior\ContentReplaceBehavior [ RunTime:0.000079s ]
INFO: [ template_filter ] --END-- [ RunTime:0.000160s ]
SQL: SHOW COLUMNS FROM `zml_ad` [ RunTime:0.0117s ]
SQL: SELECT * FROM `zml_ad` WHERE ( type =1 )  [ RunTime:0.0004s ]
SQL: SHOW COLUMNS FROM `zml_item` [ RunTime:0.0042s ]
NOTIC: [2] Illegal string offset 'a.isdel' F:\user\zhima\App\User\Model\ItemModel.class.php 第 46 行.
SQL: SHOW COLUMNS FROM `zml_item` [ RunTime:0.0046s ]
SQL: SELECT a.*,a.id as id,c.id as cid,c.name as progress_name,d.uin,d.name as user_name,d.header as user_header,e.id as eid,e.name as category_name FROM zml_item as a LEFT JOIN zml_item_progress as c ON a.progress = c.id LEFT JOIN zml_user as d ON a.uin = d.uin LEFT JOIN zml_item_category as e ON a.cid = e.id  WHERE ( a.status =1 AND a.progress =1 AND a.end_time >1452208916 AND a.isdel = 0 ) ORDER BY sort desc LIMIT 10   [ RunTime:0.0040s ]
INFO: Run Behavior\ParseTemplateBehavior [ RunTime:0.087285s ]
INFO: [ view_parse ] --END-- [ RunTime:0.087364s ]
INFO: [ view_filter ] --START--
INFO: Run Behavior\WriteHtmlCacheBehavior [ RunTime:0.000726s ]
INFO: [ view_filter ] --END-- [ RunTime:0.000779s ]
INFO: [ app_end ] --START--
INFO: Run Behavior\ShowPageTraceBehavior [ RunTime:0.000796s ]
INFO: [ app_end ] --END-- [ RunTime:0.000868s ]

[ 2016-01-08T07:22:39+08:00 ] 127.0.0.1 /weixin
INFO: [ app_init ] --START--
INFO: Run Behavior\BuildLiteBehavior [ RunTime:0.000023s ]
INFO: [ app_init ] --END-- [ RunTime:0.000471s ]
INFO: [ app_begin ] --START--
INFO: Run Behavior\ReadHtmlCacheBehavior [ RunTime:0.000629s ]
INFO: [ app_begin ] --END-- [ RunTime:0.000725s ]
NOTIC: [2] require_once(F:\user\zhima\wechat.php): failed to open stream: No such file or directory F:\user\zhima\App\Www\Controller\WeixinController.class.php 第 13 行.

[ 2016-01-08T07:22:53+08:00 ] 127.0.0.1 /weixin
INFO: [ app_init ] --START--
INFO: Run Behavior\BuildLiteBehavior [ RunTime:0.000015s ]
INFO: [ app_init ] --END-- [ RunTime:0.000334s ]
INFO: [ app_begin ] --START--
INFO: Run Behavior\ReadHtmlCacheBehavior [ RunTime:0.000450s ]
INFO: [ app_begin ] --END-- [ RunTime:0.000558s ]
NOTIC: [2] require_once(F:\user\zhima\wechat/wechat.php): failed to open stream: No such file or directory F:\user\zhima\App\Www\Controller\WeixinController.class.php 第 13 行.

[ 2016-01-08T07:23:09+08:00 ] 127.0.0.1 /weixin
INFO: [ app_init ] --START--
INFO: Run Behavior\BuildLiteBehavior [ RunTime:0.000018s ]
INFO: [ app_init ] --END-- [ RunTime:0.000429s ]
INFO: [ app_begin ] --START--
INFO: Run Behavior\ReadHtmlCacheBehavior [ RunTime:0.000404s ]
INFO: [ app_begin ] --END-- [ RunTime:0.000458s ]
NOTIC: [2] require(F:\user\zhima\wechat/../includes/init2.php): failed to open stream: No such file or directory F:\user\zhima\wechat\weixin.php 第 6 行.

[ 2016-01-08T07:24:46+08:00 ] 127.0.0.1 /weixin
INFO: [ app_init ] --START--
INFO: Run Behavior\BuildLiteBehavior [ RunTime:0.000024s ]
INFO: [ app_init ] --END-- [ RunTime:0.000725s ]
INFO: [ app_begin ] --START--
INFO: Run Behavior\ReadHtmlCacheBehavior [ RunTime:0.000819s ]
INFO: [ app_begin ] --END-- [ RunTime:0.000933s ]
NOTIC: [8] Undefined index: echostr F:\user\zhima\wechat\callback.php 第 4 行.
NOTIC: [8] Undefined index: signature F:\user\zhima\wechat\callback.php 第 729 行.
NOTIC: [8] Undefined index: timestamp F:\user\zhima\wechat\callback.php 第 730 行.
NOTIC: [8] Undefined index: nonce F:\user\zhima\wechat\callback.php 第 731 行.
NOTIC: [2] Missing argument 1 for wechatCallbackapi::responseMsg(), called in F:\user\zhima\wechat\weixin.php on line 17 and defined F:\user\zhima\wechat\callback.php 第 10 行.
NOTIC: [2] Missing argument 2 for wechatCallbackapi::responseMsg(), called in F:\user\zhima\wechat\weixin.php on line 17 and defined F:\user\zhima\wechat\callback.php 第 10 行.
NOTIC: [2] Missing argument 3 for wechatCallbackapi::responseMsg(), called in F:\user\zhima\wechat\weixin.php on line 17 and defined F:\user\zhima\wechat\callback.php 第 10 行.
NOTIC: [8] Undefined variable: base_url F:\user\zhima\wechat\callback.php 第 11 行.
NOTIC: [8] Undefined offset: 0 F:\user\zhima\wechat\callback.php 第 12 行.
NOTIC: [8] Undefined index: HTTP_RAW_POST_DATA F:\user\zhima\wechat\callback.php 第 14 行.
NOTIC: [8] Undefined variable: db F:\user\zhima\wechat\callback.php 第 15 行.
NOTIC: [8] Trying to get property of non-object F:\user\zhima\wechat\callback.php 第 15 行.
NOTIC: [8] Undefined variable: db F:\user\zhima\wechat\callback.php 第 16 行.
NOTIC: [8] Trying to get property of non-object F:\user\zhima\wechat\callback.php 第 16 行.
NOTIC: [8] Undefined variable: db F:\user\zhima\wechat\callback.php 第 17 行.
NOTIC: [8] Trying to get property of non-object F:\user\zhima\wechat\callback.php 第 17 行.
NOTIC: [8] Undefined variable: db F:\user\zhima\wechat\callback.php 第 18 行.
NOTIC: [8] Trying to get property of non-object F:\user\zhima\wechat\callback.php 第 18 行.
NOTIC: [8] Undefined variable: db F:\user\zhima\wechat\callback.php 第 19 行.
NOTIC: [8] Trying to get property of non-object F:\user\zhima\wechat\callback.php 第 19 行.
NOTIC: [8] Undefined variable: db F:\user\zhima\wechat\callback.php 第 20 行.
NOTIC: [8] Trying to get property of non-object F:\user\zhima\wechat\callback.php 第 20 行.
NOTIC: [8] Undefined variable: db F:\user\zhima\wechat\callback.php 第 21 行.
NOTIC: [8] Trying to get property of non-object F:\user\zhima\wechat\callback.php 第 21 行.
NOTIC: [8] Undefined variable: db F:\user\zhima\wechat\callback.php 第 22 行.
NOTIC: [8] Trying to get property of non-object F:\user\zhima\wechat\callback.php 第 22 行.
NOTIC: [8] Undefined index: debug F:\user\zhima\wechat\callback.php 第 24 行.

[ 2016-01-08T07:25:05+08:00 ] 127.0.0.1 /weixin
INFO: [ app_init ] --START--
INFO: Run Behavior\BuildLiteBehavior [ RunTime:0.000024s ]
INFO: [ app_init ] --END-- [ RunTime:0.000484s ]
INFO: [ app_begin ] --START--
INFO: Run Behavior\ReadHtmlCacheBehavior [ RunTime:0.000544s ]
INFO: [ app_begin ] --END-- [ RunTime:0.000622s ]
NOTIC: [8] Undefined index: echostr F:\user\zhima\wechat\callback.php 第 5 行.
NOTIC: [8] Undefined index: signature F:\user\zhima\wechat\callback.php 第 730 行.
NOTIC: [8] Undefined index: timestamp F:\user\zhima\wechat\callback.php 第 731 行.
NOTIC: [8] Undefined index: nonce F:\user\zhima\wechat\callback.php 第 732 行.
NOTIC: [2] Missing argument 1 for wechatCallbackapi::responseMsg(), called in F:\user\zhima\wechat\weixin.php on line 17 and defined F:\user\zhima\wechat\callback.php 第 11 行.
NOTIC: [2] Missing argument 2 for wechatCallbackapi::responseMsg(), called in F:\user\zhima\wechat\weixin.php on line 17 and defined F:\user\zhima\wechat\callback.php 第 11 行.
NOTIC: [2] Missing argument 3 for wechatCallbackapi::responseMsg(), called in F:\user\zhima\wechat\weixin.php on line 17 and defined F:\user\zhima\wechat\callback.php 第 11 行.
NOTIC: [8] Undefined variable: base_url F:\user\zhima\wechat\callback.php 第 12 行.
NOTIC: [8] Undefined offset: 0 F:\user\zhima\wechat\callback.php 第 13 行.
NOTIC: [8] Undefined index: HTTP_RAW_POST_DATA F:\user\zhima\wechat\callback.php 第 15 行.
NOTIC: [8] Undefined variable: db F:\user\zhima\wechat\callback.php 第 16 行.
NOTIC: [8] Trying to get property of non-object F:\user\zhima\wechat\callback.php 第 16 行.
NOTIC: [8] Undefined variable: db F:\user\zhima\wechat\callback.php 第 17 行.
NOTIC: [8] Trying to get property of non-object F:\user\zhima\wechat\callback.php 第 17 行.
NOTIC: [8] Undefined variable: db F:\user\zhima\wechat\callback.php 第 18 行.
NOTIC: [8] Trying to get property of non-object F:\user\zhima\wechat\callback.php 第 18 行.
NOTIC: [8] Undefined variable: db F:\user\zhima\wechat\callback.php 第 19 行.
NOTIC: [8] Trying to get property of non-object F:\user\zhima\wechat\callback.php 第 19 行.
NOTIC: [8] Undefined variable: db F:\user\zhima\wechat\callback.php 第 20 行.
NOTIC: [8] Trying to get property of non-object F:\user\zhima\wechat\callback.php 第 20 行.
NOTIC: [8] Undefined variable: db F:\user\zhima\wechat\callback.php 第 21 行.
NOTIC: [8] Trying to get property of non-object F:\user\zhima\wechat\callback.php 第 21 行.
NOTIC: [8] Undefined variable: db F:\user\zhima\wechat\callback.php 第 22 行.
NOTIC: [8] Trying to get property of non-object F:\user\zhima\wechat\callback.php 第 22 行.
NOTIC: [8] Undefined variable: db F:\user\zhima\wechat\callback.php 第 23 行.
NOTIC: [8] Trying to get property of non-object F:\user\zhima\wechat\callback.php 第 23 行.
NOTIC: [8] Undefined index: debug F:\user\zhima\wechat\callback.php 第 25 行.

[ 2016-01-08T07:25:06+08:00 ] 127.0.0.1 /weixin
INFO: [ app_init ] --START--
INFO: Run Behavior\BuildLiteBehavior [ RunTime:0.000022s ]
INFO: [ app_init ] --END-- [ RunTime:0.000380s ]
INFO: [ app_begin ] --START--
INFO: Run Behavior\ReadHtmlCacheBehavior [ RunTime:0.000402s ]
INFO: [ app_begin ] --END-- [ RunTime:0.000453s ]
NOTIC: [8] Undefined index: echostr F:\user\zhima\wechat\callback.php 第 5 行.
NOTIC: [8] Undefined index: signature F:\user\zhima\wechat\callback.php 第 730 行.
NOTIC: [8] Undefined index: timestamp F:\user\zhima\wechat\callback.php 第 731 行.
NOTIC: [8] Undefined index: nonce F:\user\zhima\wechat\callback.php 第 732 行.
NOTIC: [2] Missing argument 1 for wechatCallbackapi::responseMsg(), called in F:\user\zhima\wechat\weixin.php on line 17 and defined F:\user\zhima\wechat\callback.php 第 11 行.
NOTIC: [2] Missing argument 2 for wechatCallbackapi::responseMsg(), called in F:\user\zhima\wechat\weixin.php on line 17 and defined F:\user\zhima\wechat\callback.php 第 11 行.
NOTIC: [2] Missing argument 3 for wechatCallbackapi::responseMsg(), called in F:\user\zhima\wechat\weixin.php on line 17 and defined F:\user\zhima\wechat\callback.php 第 11 行.
NOTIC: [8] Undefined variable: base_url F:\user\zhima\wechat\callback.php 第 12 行.
NOTIC: [8] Undefined offset: 0 F:\user\zhima\wechat\callback.php 第 13 行.
NOTIC: [8] Undefined index: HTTP_RAW_POST_DATA F:\user\zhima\wechat\callback.php 第 15 行.
NOTIC: [8] Undefined variable: db F:\user\zhima\wechat\callback.php 第 16 行.
NOTIC: [8] Trying to get property of non-object F:\user\zhima\wechat\callback.php 第 16 行.
NOTIC: [8] Undefined variable: db F:\user\zhima\wechat\callback.php 第 17 行.
NOTIC: [8] Trying to get property of non-object F:\user\zhima\wechat\callback.php 第 17 行.
NOTIC: [8] Undefined variable: db F:\user\zhima\wechat\callback.php 第 18 行.
NOTIC: [8] Trying to get property of non-object F:\user\zhima\wechat\callback.php 第 18 行.
NOTIC: [8] Undefined variable: db F:\user\zhima\wechat\callback.php 第 19 行.
NOTIC: [8] Trying to get property of non-object F:\user\zhima\wechat\callback.php 第 19 行.
NOTIC: [8] Undefined variable: db F:\user\zhima\wechat\callback.php 第 20 行.
NOTIC: [8] Trying to get property of non-object F:\user\zhima\wechat\callback.php 第 20 行.
NOTIC: [8] Undefined variable: db F:\user\zhima\wechat\callback.php 第 21 行.
NOTIC: [8] Trying to get property of non-object F:\user\zhima\wechat\callback.php 第 21 行.
NOTIC: [8] Undefined variable: db F:\user\zhima\wechat\callback.php 第 22 行.
NOTIC: [8] Trying to get property of non-object F:\user\zhima\wechat\callback.php 第 22 行.
NOTIC: [8] Undefined variable: db F:\user\zhima\wechat\callback.php 第 23 行.
NOTIC: [8] Trying to get property of non-object F:\user\zhima\wechat\callback.php 第 23 行.
NOTIC: [8] Undefined index: debug F:\user\zhima\wechat\callback.php 第 25 行.

[ 2016-01-08T07:27:30+08:00 ] 127.0.0.1 /weixin
INFO: [ app_init ] --START--
INFO: Run Behavior\BuildLiteBehavior [ RunTime:0.000018s ]
INFO: [ app_init ] --END-- [ RunTime:0.000585s ]
INFO: [ app_begin ] --START--
INFO: Run Behavior\ReadHtmlCacheBehavior [ RunTime:0.000773s ]
INFO: [ app_begin ] --END-- [ RunTime:0.000900s ]
ERR: 1146:Table 'zhimale.zml_zml_user' doesn't exist
 [ SQL语句 ] : SHOW COLUMNS FROM `zml_zml_user`
ERR: 1146:Table 'zhimale.zml_zml_user' doesn't exist
 [ SQL语句 ] : SHOW COLUMNS FROM `zml_zml_user`

[ 2016-01-08T07:27:40+08:00 ] 127.0.0.1 /weixin
INFO: [ app_init ] --START--
INFO: Run Behavior\BuildLiteBehavior [ RunTime:0.000018s ]
INFO: [ app_init ] --END-- [ RunTime:0.000409s ]
INFO: [ app_begin ] --START--
INFO: Run Behavior\ReadHtmlCacheBehavior [ RunTime:0.000581s ]
INFO: [ app_begin ] --END-- [ RunTime:0.000668s ]
SQL: SHOW COLUMNS FROM `zml_user` [ RunTime:0.0031s ]
SQL: SELECT * FROM `zml_user` WHERE `uin` = 1 LIMIT 1   [ RunTime:0.0005s ]
NOTIC: [8] Undefined index: echostr F:\user\zhima\wechat\callback.php 第 7 行.
NOTIC: [8] Undefined index: signature F:\user\zhima\wechat\callback.php 第 732 行.
NOTIC: [8] Undefined index: timestamp F:\user\zhima\wechat\callback.php 第 733 行.
NOTIC: [8] Undefined index: nonce F:\user\zhima\wechat\callback.php 第 734 行.
NOTIC: [2] Missing argument 1 for wechatCallbackapi::responseMsg(), called in F:\user\zhima\wechat\weixin.php on line 17 and defined F:\user\zhima\wechat\callback.php 第 13 行.
NOTIC: [2] Missing argument 2 for wechatCallbackapi::responseMsg(), called in F:\user\zhima\wechat\weixin.php on line 17 and defined F:\user\zhima\wechat\callback.php 第 13 行.
NOTIC: [2] Missing argument 3 for wechatCallbackapi::responseMsg(), called in F:\user\zhima\wechat\weixin.php on line 17 and defined F:\user\zhima\wechat\callback.php 第 13 行.
NOTIC: [8] Undefined variable: base_url F:\user\zhima\wechat\callback.php 第 14 行.
NOTIC: [8] Undefined offset: 0 F:\user\zhima\wechat\callback.php 第 15 行.
NOTIC: [8] Undefined index: HTTP_RAW_POST_DATA F:\user\zhima\wechat\callback.php 第 17 行.
NOTIC: [8] Undefined variable: db F:\user\zhima\wechat\callback.php 第 18 行.
NOTIC: [8] Trying to get property of non-object F:\user\zhima\wechat\callback.php 第 18 行.
NOTIC: [8] Undefined variable: db F:\user\zhima\wechat\callback.php 第 19 行.
NOTIC: [8] Trying to get property of non-object F:\user\zhima\wechat\callback.php 第 19 行.
NOTIC: [8] Undefined variable: db F:\user\zhima\wechat\callback.php 第 20 行.
NOTIC: [8] Trying to get property of non-object F:\user\zhima\wechat\callback.php 第 20 行.
NOTIC: [8] Undefined variable: db F:\user\zhima\wechat\callback.php 第 21 行.
NOTIC: [8] Trying to get property of non-object F:\user\zhima\wechat\callback.php 第 21 行.
NOTIC: [8] Undefined variable: db F:\user\zhima\wechat\callback.php 第 22 行.
NOTIC: [8] Trying to get property of non-object F:\user\zhima\wechat\callback.php 第 22 行.
NOTIC: [8] Undefined variable: db F:\user\zhima\wechat\callback.php 第 23 行.
NOTIC: [8] Trying to get property of non-object F:\user\zhima\wechat\callback.php 第 23 行.
NOTIC: [8] Undefined variable: db F:\user\zhima\wechat\callback.php 第 24 行.
NOTIC: [8] Trying to get property of non-object F:\user\zhima\wechat\callback.php 第 24 行.
NOTIC: [8] Undefined variable: db F:\user\zhima\wechat\callback.php 第 25 行.
NOTIC: [8] Trying to get property of non-object F:\user\zhima\wechat\callback.php 第 25 行.
NOTIC: [8] Undefined index: debug F:\user\zhima\wechat\callback.php 第 27 行.

[ 2016-01-08T07:37:56+08:00 ] 127.0.0.1 /weixin
INFO: [ app_init ] --START--
INFO: Run Behavior\BuildLiteBehavior [ RunTime:0.000026s ]
INFO: [ app_init ] --END-- [ RunTime:0.000644s ]
INFO: [ app_begin ] --START--
INFO: Run Behavior\ReadHtmlCacheBehavior [ RunTime:0.000637s ]
INFO: [ app_begin ] --END-- [ RunTime:0.000707s ]

[ 2016-01-08T07:37:57+08:00 ] 127.0.0.1 /weixin
INFO: [ app_init ] --START--
INFO: Run Behavior\BuildLiteBehavior [ RunTime:0.000021s ]
INFO: [ app_init ] --END-- [ RunTime:0.000588s ]
INFO: [ app_begin ] --START--
INFO: Run Behavior\ReadHtmlCacheBehavior [ RunTime:0.000639s ]
INFO: [ app_begin ] --END-- [ RunTime:0.000710s ]

[ 2016-01-08T07:38:45+08:00 ] 127.0.0.1 /weixin
INFO: [ app_init ] --START--
INFO: Run Behavior\BuildLiteBehavior [ RunTime:0.000023s ]
INFO: [ app_init ] --END-- [ RunTime:0.000496s ]
INFO: [ app_begin ] --START--
INFO: Run Behavior\ReadHtmlCacheBehavior [ RunTime:0.000697s ]
INFO: [ app_begin ] --END-- [ RunTime:0.000802s ]

[ 2016-01-08T07:38:46+08:00 ] 127.0.0.1 /weixin
INFO: [ app_init ] --START--
INFO: Run Behavior\BuildLiteBehavior [ RunTime:0.000019s ]
INFO: [ app_init ] --END-- [ RunTime:0.000670s ]
INFO: [ app_begin ] --START--
INFO: Run Behavior\ReadHtmlCacheBehavior [ RunTime:0.000773s ]
INFO: [ app_begin ] --END-- [ RunTime:0.000959s ]

[ 2016-01-08T07:38:46+08:00 ] 127.0.0.1 /weixin
INFO: [ app_init ] --START--
INFO: Run Behavior\BuildLiteBehavior [ RunTime:0.000029s ]
INFO: [ app_init ] --END-- [ RunTime:0.000624s ]
INFO: [ app_begin ] --START--
INFO: Run Behavior\ReadHtmlCacheBehavior [ RunTime:0.000538s ]
INFO: [ app_begin ] --END-- [ RunTime:0.000617s ]

[ 2016-01-08T07:38:46+08:00 ] 127.0.0.1 /weixin
INFO: [ app_init ] --START--
INFO: Run Behavior\BuildLiteBehavior [ RunTime:0.000022s ]
INFO: [ app_init ] --END-- [ RunTime:0.000477s ]
INFO: [ app_begin ] --START--
INFO: Run Behavior\ReadHtmlCacheBehavior [ RunTime:0.000515s ]
INFO: [ app_begin ] --END-- [ RunTime:0.000600s ]

[ 2016-01-08T07:38:47+08:00 ] 127.0.0.1 /weixin
INFO: [ app_init ] --START--
INFO: Run Behavior\BuildLiteBehavior [ RunTime:0.000018s ]
INFO: [ app_init ] --END-- [ RunTime:0.000419s ]
INFO: [ app_begin ] --START--
INFO: Run Behavior\ReadHtmlCacheBehavior [ RunTime:0.000570s ]
INFO: [ app_begin ] --END-- [ RunTime:0.000677s ]

[ 2016-01-08T07:38:47+08:00 ] 127.0.0.1 /weixin
INFO: [ app_init ] --START--
INFO: Run Behavior\BuildLiteBehavior [ RunTime:0.000020s ]
INFO: [ app_init ] --END-- [ RunTime:0.000711s ]
INFO: [ app_begin ] --START--
INFO: Run Behavior\ReadHtmlCacheBehavior [ RunTime:0.000798s ]
INFO: [ app_begin ] --END-- [ RunTime:0.000942s ]

[ 2016-01-08T07:38:47+08:00 ] 127.0.0.1 /weixin
INFO: [ app_init ] --START--
INFO: Run Behavior\BuildLiteBehavior [ RunTime:0.000025s ]
INFO: [ app_init ] --END-- [ RunTime:0.000526s ]
INFO: [ app_begin ] --START--
INFO: Run Behavior\ReadHtmlCacheBehavior [ RunTime:0.000569s ]
INFO: [ app_begin ] --END-- [ RunTime:0.000656s ]

[ 2016-01-08T07:38:47+08:00 ] 127.0.0.1 /weixin
INFO: [ app_init ] --START--
INFO: Run Behavior\BuildLiteBehavior [ RunTime:0.000018s ]
INFO: [ app_init ] --END-- [ RunTime:0.000493s ]
INFO: [ app_begin ] --START--
INFO: Run Behavior\ReadHtmlCacheBehavior [ RunTime:0.000732s ]
INFO: [ app_begin ] --END-- [ RunTime:0.000836s ]

[ 2016-01-08T07:39:09+08:00 ] 127.0.0.1 /weixin
INFO: [ app_init ] --START--
INFO: Run Behavior\BuildLiteBehavior [ RunTime:0.000025s ]
INFO: [ app_init ] --END-- [ RunTime:0.000642s ]
INFO: [ app_begin ] --START--
INFO: Run Behavior\ReadHtmlCacheBehavior [ RunTime:0.000546s ]
INFO: [ app_begin ] --END-- [ RunTime:0.000663s ]

[ 2016-01-08T07:39:09+08:00 ] 127.0.0.1 /weixin
INFO: [ app_init ] --START--
INFO: Run Behavior\BuildLiteBehavior [ RunTime:0.000016s ]
INFO: [ app_init ] --END-- [ RunTime:0.000384s ]
INFO: [ app_begin ] --START--
INFO: Run Behavior\ReadHtmlCacheBehavior [ RunTime:0.000548s ]
INFO: [ app_begin ] --END-- [ RunTime:0.000641s ]

[ 2016-01-08T07:39:09+08:00 ] 127.0.0.1 /weixin
INFO: [ app_init ] --START--
INFO: Run Behavior\BuildLiteBehavior [ RunTime:0.000052s ]
INFO: [ app_init ] --END-- [ RunTime:0.001244s ]
INFO: [ app_begin ] --START--
INFO: Run Behavior\ReadHtmlCacheBehavior [ RunTime:0.000514s ]
INFO: [ app_begin ] --END-- [ RunTime:0.000617s ]

[ 2016-01-08T07:39:24+08:00 ] 127.0.0.1 /weixin
INFO: [ app_init ] --START--
INFO: Run Behavior\BuildLiteBehavior [ RunTime:0.000017s ]
INFO: [ app_init ] --END-- [ RunTime:0.000401s ]
INFO: [ app_begin ] --START--
INFO: Run Behavior\ReadHtmlCacheBehavior [ RunTime:0.000421s ]
INFO: [ app_begin ] --END-- [ RunTime:0.000523s ]

[ 2016-01-08T07:39:24+08:00 ] 127.0.0.1 /weixin
INFO: [ app_init ] --START--
INFO: Run Behavior\BuildLiteBehavior [ RunTime:0.000016s ]
INFO: [ app_init ] --END-- [ RunTime:0.000430s ]
INFO: [ app_begin ] --START--
INFO: Run Behavior\ReadHtmlCacheBehavior [ RunTime:0.000573s ]
INFO: [ app_begin ] --END-- [ RunTime:0.000658s ]

[ 2016-01-08T07:39:24+08:00 ] 127.0.0.1 /weixin
INFO: [ app_init ] --START--
INFO: Run Behavior\BuildLiteBehavior [ RunTime:0.000026s ]
INFO: [ app_init ] --END-- [ RunTime:0.000634s ]
INFO: [ app_begin ] --START--
INFO: Run Behavior\ReadHtmlCacheBehavior [ RunTime:0.000781s ]
INFO: [ app_begin ] --END-- [ RunTime:0.000880s ]

[ 2016-01-08T07:39:25+08:00 ] 127.0.0.1 /weixin
INFO: [ app_init ] --START--
INFO: Run Behavior\BuildLiteBehavior [ RunTime:0.000020s ]
INFO: [ app_init ] --END-- [ RunTime:0.000415s ]
INFO: [ app_begin ] --START--
INFO: Run Behavior\ReadHtmlCacheBehavior [ RunTime:0.000712s ]
INFO: [ app_begin ] --END-- [ RunTime:0.000817s ]

[ 2016-01-08T07:39:26+08:00 ] 127.0.0.1 /weixin
INFO: [ app_init ] --START--
INFO: Run Behavior\BuildLiteBehavior [ RunTime:0.000028s ]
INFO: [ app_init ] --END-- [ RunTime:0.000581s ]
INFO: [ app_begin ] --START--
INFO: Run Behavior\ReadHtmlCacheBehavior [ RunTime:0.000619s ]
INFO: [ app_begin ] --END-- [ RunTime:0.000758s ]

[ 2016-01-08T07:39:26+08:00 ] 127.0.0.1 /weixin
INFO: [ app_init ] --START--
INFO: Run Behavior\BuildLiteBehavior [ RunTime:0.000023s ]
INFO: [ app_init ] --END-- [ RunTime:0.000504s ]
INFO: [ app_begin ] --START--
INFO: Run Behavior\ReadHtmlCacheBehavior [ RunTime:0.000540s ]
INFO: [ app_begin ] --END-- [ RunTime:0.000629s ]

[ 2016-01-08T07:39:26+08:00 ] 127.0.0.1 /weixin
INFO: [ app_init ] --START--
INFO: Run Behavior\BuildLiteBehavior [ RunTime:0.000018s ]
INFO: [ app_init ] --END-- [ RunTime:0.000458s ]
INFO: [ app_begin ] --START--
INFO: Run Behavior\ReadHtmlCacheBehavior [ RunTime:0.000566s ]
INFO: [ app_begin ] --END-- [ RunTime:0.000654s ]

[ 2016-01-08T07:39:54+08:00 ] 127.0.0.1 /weixin
INFO: [ app_init ] --START--
INFO: Run Behavior\BuildLiteBehavior [ RunTime:0.000037s ]
INFO: [ app_init ] --END-- [ RunTime:0.000485s ]
INFO: [ app_begin ] --START--
INFO: Run Behavior\ReadHtmlCacheBehavior [ RunTime:0.000490s ]
INFO: [ app_begin ] --END-- [ RunTime:0.000547s ]

[ 2016-01-08T07:40:10+08:00 ] 127.0.0.1 /weixin
INFO: [ app_init ] --START--
INFO: Run Behavior\BuildLiteBehavior [ RunTime:0.000017s ]
INFO: [ app_init ] --END-- [ RunTime:0.000574s ]
INFO: [ app_begin ] --START--
INFO: Run Behavior\ReadHtmlCacheBehavior [ RunTime:0.000573s ]
INFO: [ app_begin ] --END-- [ RunTime:0.000631s ]
INFO: [ app_end ] --START--
INFO: Run Behavior\ShowPageTraceBehavior [ RunTime:0.000785s ]
INFO: [ app_end ] --END-- [ RunTime:0.000891s ]

